#
# A fatal error has been detected by the Java Runtime Environment:
#
#  EXCEPTION_ACCESS_VIOLATION (0xc0000005) at pc=0x000007feaa0b3186, pid=2172, tid=2624
#
# JRE version: OpenJDK Runtime Environment Temurin-11.0.12+7 (11.0.12+7) (build 11.0.12+7)
# Java VM: OpenJDK 64-Bit Server VM Temurin-11.0.12+7 (11.0.12+7, mixed mode, tiered, compressed oops, g1 gc, windows-amd64)
# Problematic frame:
# V  [jvm.dll+0x193186]
#
# No core dump will be written. Minidumps are not enabled by default on client versions of Windows
#
# If you would like to submit a bug report, please visit:
#   https://github.com/adoptium/adoptium-support/issues
#

---------------  S U M M A R Y ------------

Command Line: -XX:MaxMetaspaceSize=256m -XX:+HeapDumpOnOutOfMemoryError --add-opens=java.base/java.util=ALL-UNNAMED --add-opens=java.base/java.lang=ALL-UNNAMED --add-opens=java.base/java.lang.invoke=ALL-UNNAMED --add-opens=java.base/java.util=ALL-UNNAMED --add-opens=java.prefs/java.util.prefs=ALL-UNNAMED --add-opens=java.prefs/java.util.prefs=ALL-UNNAMED --add-opens=java.base/java.nio.charset=ALL-UNNAMED --add-opens=java.base/java.net=ALL-UNNAMED --add-opens=java.base/java.util.concurrent.atomic=ALL-UNNAMED -Xms256m -Xmx512m -Dfile.encoding=windows-1251 -Duser.country=RU -Duser.language=ru -Duser.variant org.gradle.launcher.daemon.bootstrap.GradleDaemon 7.1

Host: Intel(R) Xeon(R) CPU E3-1270 V2 @ 3.50GHz, 8 cores, 15G,  Windows 7 , 64 bit Build 7601 (6.1.7601.18015)
Time: Tue Dec 21 22:46:30 2021 Eaeeieia?aaneia a?aiy (ceia) elapsed time: 688.839257 seconds (0d 0h 11m 28s)

---------------  T H R E A D  ---------------

Current thread (0x0000000022265800):  GCTaskThread "GC Thread#7" [stack: 0x00000000269c0000,0x0000000026ac0000] [id=2624]

Stack: [0x00000000269c0000,0x0000000026ac0000],  sp=0x0000000026abf248,  free space=1020k
Native frames: (J=compiled Java code, j=interpreted, Vv=VM code, C=native code)
V  [jvm.dll+0x193186]


siginfo: EXCEPTION_ACCESS_VIOLATION (0xc0000005), reading address 0x0000000000000010


Register to memory mapping:

RIP=0x000007feaa0b3186 jvm.dll
RAX=0x0000000000000001 is an unknown value
RBX=0x00000000e46aec24 is pointing into object: java.lang.reflect.Method 
{0x00000000e46aebf0} - klass: 'java/lang/reflect/Method'
RCX=0x00000000e843f128 is pointing into object: [Ljava.lang.Class; 
{0x00000000e842f208} - klass: 'java/lang/Class'[]
 - length: 524289
RDX=0x00000000e843f128 is pointing into object: [Ljava.lang.Class; 
{0x00000000e842f208} - klass: 'java/lang/Class'[]
 - length: 524289
RSP=0x0000000026abf248 points into unknown readable memory: 0x000007feaa224cbe | be 4c 22 aa fe 07 00 00
RBP=0x0000000027827040 points into unknown readable memory: 0x000007feaa7b4258 | 58 42 7b aa fe 07 00 00
RSI=0x0000000027827040 points into unknown readable memory: 0x000007feaa7b4258 | 58 42 7b aa fe 07 00 00
RDI=0x0000000000000001 is an unknown value
R8 =0x00000000e843f128 is pointing into object: [Ljava.lang.Class; 
{0x00000000e842f208} - klass: 'java/lang/Class'[]
 - length: 524289
R9 =0x0000000000000008 is an unknown value
R10=0x00000000e46aec00 is pointing into object: java.lang.reflect.Method 
{0x00000000e46aebf0} - klass: 'java/lang/reflect/Method'
R11=0x00000000278271b0 points into unknown readable memory: 0x000007feaa7b4210 | 10 42 7b aa fe 07 00 00
R12=0x0 is NULL
R13=0x000007feaa7b4d70 jvm.dll
R14=0x00000000e843f128 is pointing into object: [Ljava.lang.Class; 
{0x00000000e842f208} - klass: 'java/lang/Class'[]
 - length: 524289
R15=0x0000000f00000000 is an unknown value


Registers:
RAX=0x0000000000000001, RBX=0x00000000e46aec24, RCX=0x00000000e843f128, RDX=0x00000000e843f128
RSP=0x0000000026abf248, RBP=0x0000000027827040, RSI=0x0000000027827040, RDI=0x0000000000000001
R8 =0x00000000e843f128, R9 =0x0000000000000008, R10=0x00000000e46aec00, R11=0x00000000278271b0
R12=0x0000000000000000, R13=0x000007feaa7b4d70, R14=0x00000000e843f128, R15=0x0000000f00000000
RIP=0x000007feaa0b3186, EFLAGS=0x0000000000010202

Top of Stack: (sp=0x0000000026abf248)
0x0000000026abf248:   000007feaa224cbe 0000000000000002
0x0000000026abf258:   0000000027827040 00000000e46aebf0
0x0000000026abf268:   000007feaa1f8e2e 00000000e0f00000
0x0000000026abf278:   0000000000020000 000000051e4dd310
0x0000000026abf288:   0000000000000040 0000000027827040
0x0000000026abf298:   0000000000000040 00000000003fe0c0
0x0000000026abf2a8:   000007feaa7b4d70 0000000000000000
0x0000000026abf2b8:   00000000003fe040 0000000000000100
0x0000000026abf2c8:   000007feaa223603 00000000003fe040
0x0000000026abf2d8:   00000000e4343300 0000000024318815
0x0000000026abf2e8:   00000000e46aec24 0000000000000003
0x0000000026abf2f8:   00000000e46aec25 0000000000000003
0x0000000026abf308:   00000000e43433e8 00000000e3cf4cc0
0x0000000026abf318:   00000000e0fbe000 0000000000000100
0x0000000026abf328:   0000000026abf538 0000000026abf510
0x0000000026abf338:   0000000000000043 0000000000000000 

Instructions: (pc=0x000007feaa0b3186)
0x000007feaa0b3086:   eb 04 48 8b 43 08 81 78 08 00 00 00 c0 73 7d 48
0x000007feaa0b3096:   8b 4f 38 48 8b d3 48 8b 01 ff 50 20 84 c0 75 6c
0x000007feaa0b30a6:   38 05 b5 0b 8f 00 74 15 8b 53 08 8b 0d 21 56 8a
0x000007feaa0b30b6:   00 48 d3 e2 48 03 15 0f 56 8a 00 eb 04 48 8b 53
0x000007feaa0b30c6:   08 48 8b cb 48 89 5c 24 20 e8 ac 00 00 00 80 7f
0x000007feaa0b30d6:   30 00 48 63 c8 48 89 4c 24 28 0f 28 44 24 20 74
0x000007feaa0b30e6:   17 0f 11 86 98 03 00 00 48 8b 5c 24 40 48 8b 74
0x000007feaa0b30f6:   24 48 48 83 c4 30 5f c3 48 8b 07 48 8d 54 24 20
0x000007feaa0b3106:   48 8b cf 66 0f 7f 44 24 20 ff 50 38 48 8b 5c 24
0x000007feaa0b3116:   40 48 8b 74 24 48 48 83 c4 30 5f c3 cc cc cc cc
0x000007feaa0b3126:   cc cc cc cc cc cc cc cc cc cc 48 8b 49 38 48 8b
0x000007feaa0b3136:   01 48 ff 60 28 cc cc cc cc cc 80 3d 1a 0b 8f 00
0x000007feaa0b3146:   00 48 8b c1 74 1b 8b 51 08 8b 0d 83 55 8a 00 48
0x000007feaa0b3156:   d3 e2 48 8b c8 48 03 15 6e 55 8a 00 e9 19 00 00
0x000007feaa0b3166:   00 48 8b 51 08 48 8b c8 e9 0d 00 00 00 cc cc cc
0x000007feaa0b3176:   cc cc cc cc cc cc cc cc cc cc 4c 8b ca 48 8b d1
0x000007feaa0b3186:   45 8b 41 08 45 85 c0 7e 0e 41 f6 c0 01 75 56 41
0x000007feaa0b3196:   c1 f8 03 41 8b c0 c3 79 4c 80 3d bb 0a 8f 00 00
0x000007feaa0b31a6:   b8 0c 00 00 00 b9 10 00 00 00 0f 45 c8 8b 05 8b
0x000007feaa0b31b6:   85 88 00 ff c8 4c 63 c8 48 63 14 11 41 8b c8 83
0x000007feaa0b31c6:   e1 3f 48 d3 e2 41 8b c8 48 c1 f9 10 0f b6 c1 49
0x000007feaa0b31d6:   8d 0c 11 49 f7 d1 48 03 c1 49 c1 e9 03 48 c1 e8
0x000007feaa0b31e6:   03 41 23 c1 c3 49 8b 01 49 8b c9 48 ff a0 10 01
0x000007feaa0b31f6:   00 00 cc cc cc cc cc cc cc cc 48 8b c2 c3 cc cc
0x000007feaa0b3206:   cc cc cc cc cc cc cc cc cc cc 48 83 ec 38 48 8b
0x000007feaa0b3216:   c1 48 8b 49 38 80 79 08 00 74 04 48 8b 48 38 0f
0x000007feaa0b3226:   10 02 48 8d 54 24 20 0f 29 44 24 20 e8 09 f0 ff
0x000007feaa0b3236:   ff 48 83 c4 38 c3 cc cc cc cc 48 83 ec 38 0f 10
0x000007feaa0b3246:   02 48 8b 01 48 8d 54 24 20 0f 29 44 24 20 ff 50
0x000007feaa0b3256:   38 48 83 c4 38 c3 cc cc cc cc 48 89 5c 24 08 55
0x000007feaa0b3266:   56 57 41 54 41 55 41 56 41 57 48 8d 6c 24 e0 48
0x000007feaa0b3276:   81 ec 20 01 00 00 48 8b 05 85 dc 8b 00 48 33 c4 


Stack slot to memory mapping:
stack at sp + 0 slots: 0x000007feaa224cbe jvm.dll
stack at sp + 1 slots: 0x0000000000000002 is an unknown value
stack at sp + 2 slots: 0x0000000027827040 points into unknown readable memory: 0x000007feaa7b4258 | 58 42 7b aa fe 07 00 00
stack at sp + 3 slots: 0x00000000e46aebf0 is an oop: java.lang.reflect.Method 
{0x00000000e46aebf0} - klass: 'java/lang/reflect/Method'
stack at sp + 4 slots: 0x000007feaa1f8e2e jvm.dll
stack at sp + 5 slots: 0x00000000e0f00000 is an oop: java.lang.String 
{0x00000000e0f00000} - klass: 'java/lang/String'
stack at sp + 6 slots: 0x0000000000020000 points into unknown readable memory: 0x0000000000000000 | 00 00 00 00 00 00 00 00
stack at sp + 7 slots: 0x000000051e4dd310 is an unknown value


---------------  P R O C E S S  ---------------

Threads class SMR info:
_java_thread_list=0x000000002b8967d0, length=117, elements={
0x00000000003ec000, 0x000000001f7dc000, 0x000000001f7e5800, 0x000000001f7fc800,
0x000000001f7fd800, 0x000000001f7fe800, 0x000000001f805000, 0x000000001f806000,
0x000000001f817800, 0x0000000020650800, 0x0000000022fdf800, 0x0000000020773000,
0x0000000023282000, 0x0000000021c2a000, 0x0000000021c2b000, 0x0000000021c2c000,
0x0000000021c2e000, 0x0000000021c2f000, 0x0000000021c28800, 0x0000000021c2c800,
0x0000000021c30000, 0x0000000021c30800, 0x0000000021c31800, 0x0000000021c32800,
0x0000000021c33000, 0x0000000021c34000, 0x000000002506a800, 0x000000002506e000,
0x0000000024c77000, 0x0000000021c36800, 0x0000000021c2d800, 0x0000000021c29800,
0x0000000021c34800, 0x0000000021c37000, 0x0000000021c35800, 0x0000000024c78000,
0x0000000024c7a800, 0x0000000024c78800, 0x0000000024c79800, 0x0000000024c7d000,
0x0000000024c7b000, 0x0000000025071800, 0x000000002506b800, 0x0000000025070800,
0x0000000022226800, 0x0000000022227800, 0x0000000022228000, 0x0000000022229000,
0x0000000022229800, 0x000000002222a800, 0x000000002222c000, 0x000000002222d000,
0x000000002dd6e000, 0x000000002dd6f000, 0x000000002dd70000, 0x000000002dd70800,
0x000000002dd71800, 0x000000002dd72800, 0x000000002dd73000, 0x000000002dd74000,
0x000000002dd74800, 0x0000000024926000, 0x0000000024927000, 0x0000000024928000,
0x0000000024928800, 0x0000000024929800, 0x000000002492a800, 0x000000002492b000,
0x000000002492c000, 0x000000002492c800, 0x000000002c64d000, 0x000000002c64d800,
0x000000002c64e800, 0x000000002c64f800, 0x000000002c650000, 0x000000002c651000,
0x000000002c651800, 0x000000002c652800, 0x000000002c653800, 0x000000002780a000,
0x000000002780b000, 0x000000002780b800, 0x000000002780c800, 0x000000002ce53000,
0x000000002ce54000, 0x000000002ce54800, 0x000000002ce55800, 0x000000002ce56000,
0x000000002ce57000, 0x0000000024c7c000, 0x0000000024c7d800, 0x000000002ce58000,
0x000000002ce58800, 0x000000002ce59800, 0x0000000024791000, 0x0000000024792000,
0x0000000024792800, 0x0000000024793800, 0x0000000024794800, 0x0000000024795000,
0x0000000024796000, 0x0000000024796800, 0x0000000024797800, 0x000000002bc47800,
0x000000002bc48800, 0x000000002bc49800, 0x000000002bc4a000, 0x000000002bc4b000,
0x000000002bc4c000, 0x000000002bc4c800, 0x000000002bc4d800, 0x000000002bc4e000,
0x00000000277ea000, 0x00000000277eb000, 0x00000000277eb800, 0x00000000277ec800,
0x00000000277ed800
}

Java Threads: ( => current thread )
  0x00000000003ec000 JavaThread "main" [_thread_blocked, id=10756, stack(0x00000000021b0000,0x00000000022b0000)]
  0x000000001f7dc000 JavaThread "Reference Handler" daemon [_thread_blocked, id=11416, stack(0x000000001f9c0000,0x000000001fac0000)]
  0x000000001f7e5800 JavaThread "Finalizer" daemon [_thread_blocked, id=5604, stack(0x000000001f870000,0x000000001f970000)]
  0x000000001f7fc800 JavaThread "Signal Dispatcher" daemon [_thread_blocked, id=2292, stack(0x000000001fca0000,0x000000001fda0000)]
  0x000000001f7fd800 JavaThread "Attach Listener" daemon [_thread_blocked, id=11476, stack(0x000000001ff40000,0x0000000020040000)]
  0x000000001f7fe800 JavaThread "Service Thread" daemon [_thread_blocked, id=2688, stack(0x0000000020150000,0x0000000020250000)]
  0x000000001f805000 JavaThread "C2 CompilerThread0" daemon [_thread_blocked, id=4012, stack(0x0000000020340000,0x0000000020440000)]
  0x000000001f806000 JavaThread "C1 CompilerThread0" daemon [_thread_blocked, id=3984, stack(0x000000001fe20000,0x000000001ff20000)]
  0x000000001f817800 JavaThread "Sweeper thread" daemon [_thread_blocked, id=11180, stack(0x0000000020440000,0x0000000020540000)]
  0x0000000020650800 JavaThread "Common-Cleaner" daemon [_thread_blocked, id=2996, stack(0x0000000020a20000,0x0000000020b20000)]
  0x0000000022fdf800 JavaThread "Daemon health stats" [_thread_blocked, id=10508, stack(0x00000000255e0000,0x00000000256e0000)]
  0x0000000020773000 JavaThread "Incoming local TCP Connector on port 58052" [_thread_in_native, id=5928, stack(0x0000000022c10000,0x0000000022d10000)]
  0x0000000023282000 JavaThread "Daemon periodic checks" [_thread_blocked, id=11668, stack(0x0000000021730000,0x0000000021830000)]
  0x0000000021c2a000 JavaThread "Cache worker for journal cache (C:\Users\user\.gradle\caches\journal-1)" [_thread_blocked, id=2380, stack(0x0000000026700000,0x0000000026800000)]
  0x0000000021c2b000 JavaThread "File lock request listener" [_thread_in_native, id=12044, stack(0x0000000026890000,0x0000000026990000)]
  0x0000000021c2c000 JavaThread "Cache worker for file hash cache (C:\Users\user\.gradle\caches\7.1\fileHashes)" [_thread_blocked, id=2392, stack(0x0000000026ad0000,0x0000000026bd0000)]
  0x0000000021c2e000 JavaThread "File watcher server" daemon [_thread_blocked, id=11596, stack(0x0000000028520000,0x0000000028620000)]
  0x0000000021c2f000 JavaThread "File watcher consumer" daemon [_thread_blocked, id=7244, stack(0x0000000028bc0000,0x0000000028cc0000)]
  0x0000000021c28800 JavaThread "jar transforms" [_thread_blocked, id=1732, stack(0x0000000028340000,0x0000000028440000)]
  0x0000000021c2c800 JavaThread "jar transforms Thread 2" [_thread_blocked, id=1384, stack(0x00000000271e0000,0x00000000272e0000)]
  0x0000000021c30000 JavaThread "jar transforms Thread 3" [_thread_blocked, id=1184, stack(0x00000000289f0000,0x0000000028af0000)]
  0x0000000021c30800 JavaThread "jar transforms Thread 4" [_thread_blocked, id=4448, stack(0x0000000025b70000,0x0000000025c70000)]
  0x0000000021c31800 JavaThread "jar transforms Thread 5" [_thread_blocked, id=10844, stack(0x0000000028e40000,0x0000000028f40000)]
  0x0000000021c32800 JavaThread "jar transforms Thread 6" [_thread_blocked, id=11208, stack(0x0000000028cc0000,0x0000000028dc0000)]
  0x0000000021c33000 JavaThread "jar transforms Thread 7" [_thread_blocked, id=12152, stack(0x00000000290e0000,0x00000000291e0000)]
  0x0000000021c34000 JavaThread "jar transforms Thread 8" [_thread_blocked, id=2532, stack(0x0000000028f70000,0x0000000029070000)]
  0x000000002506a800 JavaThread "Cache worker for execution history cache (C:\Users\user\.gradle\caches\7.1\executionHistory)" [_thread_blocked, id=2344, stack(0x0000000029ba0000,0x0000000029ca0000)]
  0x000000002506e000 JavaThread "Cache worker for file content cache (C:\Users\user\.gradle\caches\7.1\fileContent)" [_thread_blocked, id=4936, stack(0x000000002a730000,0x000000002a830000)]
  0x0000000024c77000 JavaThread "Memory manager" [_thread_blocked, id=7224, stack(0x000000002b450000,0x000000002b550000)]
  0x0000000021c36800 JavaThread "Daemon Thread 3" [_thread_blocked, id=12600, stack(0x00000000254c0000,0x00000000255c0000)]
  0x0000000021c2d800 JavaThread "Handler for socket connection from /127.0.0.1:58052 to /127.0.0.1:62237" [_thread_in_native, id=13224, stack(0x00000000253c0000,0x00000000254c0000)]
  0x0000000021c29800 JavaThread "Cancel handler" [_thread_blocked, id=13220, stack(0x00000000259b0000,0x0000000025ab0000)]
  0x0000000021c34800 JavaThread "Daemon worker Thread 3" [_thread_blocked, id=12552, stack(0x0000000025f80000,0x0000000026080000)]
  0x0000000021c37000 JavaThread "Asynchronous log dispatcher for DefaultDaemonConnection: socket connection from /127.0.0.1:58052 to /127.0.0.1:62237" [_thread_blocked, id=2728, stack(0x00000000261a0000,0x00000000262a0000)]
  0x0000000021c35800 JavaThread "Stdin handler" [_thread_blocked, id=6080, stack(0x0000000026350000,0x0000000026450000)]
  0x0000000024c78000 JavaThread "Daemon client event forwarder" [_thread_blocked, id=12672, stack(0x0000000025720000,0x0000000025820000)]
  0x0000000024c7a800 JavaThread "Cache worker for file hash cache (E:\Netology\Java\L17Selenide\1\DeliveryCard\.gradle\7.1\fileHashes)" [_thread_blocked, id=12664, stack(0x0000000029340000,0x0000000029440000)]
  0x0000000024c78800 JavaThread "Cache worker for checksums cache (E:\Netology\Java\L17Selenide\1\DeliveryCard\.gradle\checksums)" [_thread_blocked, id=12684, stack(0x00000000294f0000,0x00000000295f0000)]
  0x0000000024c79800 JavaThread "Cache worker for cache directory md-supplier (C:\Users\user\.gradle\caches\7.1\md-supplier)" [_thread_blocked, id=12688, stack(0x0000000029240000,0x0000000029340000)]
  0x0000000024c7d000 JavaThread "Cache worker for cache directory md-rule (C:\Users\user\.gradle\caches\7.1\md-rule)" [_thread_blocked, id=12676, stack(0x0000000028630000,0x0000000028730000)]
  0x0000000024c7b000 JavaThread "Cache worker for dependencies-accessors (E:\Netology\Java\L17Selenide\1\DeliveryCard\.gradle\7.1\dependencies-accessors)" [_thread_blocked, id=12680, stack(0x0000000026090000,0x0000000026190000)]
  0x0000000025071800 JavaThread "Cache worker for Build Output Cleanup Cache (E:\Netology\Java\L17Selenide\1\DeliveryCard\.gradle\buildOutputCleanup)" [_thread_blocked, id=13236, stack(0x0000000029ef0000,0x0000000029ff0000)]
  0x000000002506b800 JavaThread "Execution worker for ':'" [_thread_blocked, id=5892, stack(0x0000000029850000,0x0000000029950000)]
  0x0000000025070800 JavaThread "Execution worker for ':' Thread 2" [_thread_blocked, id=11480, stack(0x000000002ca70000,0x000000002cb70000)]
  0x0000000022226800 JavaThread "Execution worker for ':' Thread 3" [_thread_blocked, id=10048, stack(0x0000000029aa0000,0x0000000029ba0000)]
  0x0000000022227800 JavaThread "Execution worker for ':' Thread 4" [_thread_blocked, id=2984, stack(0x000000002fe20000,0x000000002ff20000)]
  0x0000000022228000 JavaThread "Execution worker for ':' Thread 5" [_thread_blocked, id=12724, stack(0x000000002f180000,0x000000002f280000)]
  0x0000000022229000 JavaThread "Execution worker for ':' Thread 6" [_thread_blocked, id=7316, stack(0x0000000030000000,0x0000000030100000)]
  0x0000000022229800 JavaThread "Execution worker for ':' Thread 7" [_thread_blocked, id=10736, stack(0x000000002ac60000,0x000000002ad60000)]
  0x000000002222a800 JavaThread "Cache worker for execution history cache (E:\Netology\Java\L17Selenide\1\DeliveryCard\.gradle\7.1\executionHistory)" [_thread_blocked, id=12216, stack(0x00000000301f0000,0x00000000302f0000)]
  0x000000002222c000 JavaThread "Unconstrained build operations" [_thread_blocked, id=12236, stack(0x0000000030320000,0x0000000030420000)]
  0x000000002222d000 JavaThread "Unconstrained build operations Thread 2" [_thread_blocked, id=5804, stack(0x0000000030510000,0x0000000030610000)]
  0x000000002dd6e000 JavaThread "Unconstrained build operations Thread 3" [_thread_blocked, id=7636, stack(0x000000002f4f0000,0x000000002f5f0000)]
  0x000000002dd6f000 JavaThread "Unconstrained build operations Thread 4" [_thread_blocked, id=4208, stack(0x0000000026bd0000,0x0000000026cd0000)]
  0x000000002dd70000 JavaThread "Unconstrained build operations Thread 5" [_thread_blocked, id=6408, stack(0x0000000030640000,0x0000000030740000)]
  0x000000002dd70800 JavaThread "Unconstrained build operations Thread 6" [_thread_blocked, id=11280, stack(0x00000000308b0000,0x00000000309b0000)]
  0x000000002dd71800 JavaThread "Unconstrained build operations Thread 7" [_thread_blocked, id=11056, stack(0x0000000030a00000,0x0000000030b00000)]
  0x000000002dd72800 JavaThread "Unconstrained build operations Thread 8" [_thread_blocked, id=1008, stack(0x0000000030b80000,0x0000000030c80000)]
  0x000000002dd73000 JavaThread "Unconstrained build operations Thread 9" [_thread_blocked, id=9316, stack(0x0000000030d20000,0x0000000030e20000)]
  0x000000002dd74000 JavaThread "Unconstrained build operations Thread 10" [_thread_blocked, id=4184, stack(0x0000000030740000,0x0000000030840000)]
  0x000000002dd74800 JavaThread "Unconstrained build operations Thread 11" [_thread_blocked, id=9892, stack(0x0000000030f90000,0x0000000031090000)]
  0x0000000024926000 JavaThread "Unconstrained build operations Thread 12" [_thread_blocked, id=12172, stack(0x0000000030e80000,0x0000000030f80000)]
  0x0000000024927000 JavaThread "Unconstrained build operations Thread 13" [_thread_blocked, id=10324, stack(0x000000002b750000,0x000000002b850000)]
  0x0000000024928000 JavaThread "Unconstrained build operations Thread 14" [_thread_blocked, id=3728, stack(0x00000000311e0000,0x00000000312e0000)]
  0x0000000024928800 JavaThread "Unconstrained build operations Thread 15" [_thread_blocked, id=8248, stack(0x00000000310e0000,0x00000000311e0000)]
  0x0000000024929800 JavaThread "Unconstrained build operations Thread 16" [_thread_blocked, id=12056, stack(0x00000000312f0000,0x00000000313f0000)]
  0x000000002492a800 JavaThread "Unconstrained build operations Thread 17" [_thread_blocked, id=5368, stack(0x00000000315a0000,0x00000000316a0000)]
  0x000000002492b000 JavaThread "Unconstrained build operations Thread 18" [_thread_blocked, id=9296, stack(0x00000000316f0000,0x00000000317f0000)]
  0x000000002492c000 JavaThread "Unconstrained build operations Thread 19" [_thread_blocked, id=11184, stack(0x0000000031400000,0x0000000031500000)]
  0x000000002492c800 JavaThread "Unconstrained build operations Thread 20" [_thread_blocked, id=7552, stack(0x0000000031970000,0x0000000031a70000)]
  0x000000002c64d000 JavaThread "Unconstrained build operations Thread 21" [_thread_blocked, id=4492, stack(0x0000000031810000,0x0000000031910000)]
  0x000000002c64d800 JavaThread "Unconstrained build operations Thread 22" [_thread_blocked, id=1176, stack(0x0000000031a90000,0x0000000031b90000)]
  0x000000002c64e800 JavaThread "Unconstrained build operations Thread 23" [_thread_blocked, id=7256, stack(0x0000000031cd0000,0x0000000031dd0000)]
  0x000000002c64f800 JavaThread "Unconstrained build operations Thread 24" [_thread_blocked, id=8880, stack(0x0000000031e20000,0x0000000031f20000)]
  0x000000002c650000 JavaThread "Unconstrained build operations Thread 25" [_thread_blocked, id=12128, stack(0x0000000031fe0000,0x00000000320e0000)]
  0x000000002c651000 JavaThread "Unconstrained build operations Thread 26" [_thread_blocked, id=11384, stack(0x0000000032240000,0x0000000032340000)]
  0x000000002c651800 JavaThread "Unconstrained build operations Thread 27" [_thread_blocked, id=3716, stack(0x0000000032370000,0x0000000032470000)]
  0x000000002c652800 JavaThread "Unconstrained build operations Thread 28" [_thread_blocked, id=5872, stack(0x0000000032140000,0x0000000032240000)]
  0x000000002c653800 JavaThread "Unconstrained build operations Thread 29" [_thread_blocked, id=10804, stack(0x0000000032470000,0x0000000032570000)]
  0x000000002780a000 JavaThread "Unconstrained build operations Thread 30" [_thread_blocked, id=12832, stack(0x0000000032620000,0x0000000032720000)]
  0x000000002780b000 JavaThread "Unconstrained build operations Thread 31" [_thread_blocked, id=4548, stack(0x0000000031ba0000,0x0000000031ca0000)]
  0x000000002780b800 JavaThread "Unconstrained build operations Thread 32" [_thread_blocked, id=4916, stack(0x0000000032870000,0x0000000032970000)]
  0x000000002780c800 JavaThread "Unconstrained build operations Thread 33" [_thread_blocked, id=7624, stack(0x0000000032b00000,0x0000000032c00000)]
  0x000000002ce53000 JavaThread "Unconstrained build operations Thread 34" [_thread_blocked, id=2736, stack(0x0000000032990000,0x0000000032a90000)]
  0x000000002ce54000 JavaThread "Unconstrained build operations Thread 35" [_thread_blocked, id=11016, stack(0x0000000032750000,0x0000000032850000)]
  0x000000002ce54800 JavaThread "Unconstrained build operations Thread 36" [_thread_blocked, id=1292, stack(0x0000000032dd0000,0x0000000032ed0000)]
  0x000000002ce55800 JavaThread "Unconstrained build operations Thread 37" [_thread_blocked, id=2620, stack(0x0000000032fe0000,0x00000000330e0000)]
  0x000000002ce56000 JavaThread "Unconstrained build operations Thread 38" [_thread_blocked, id=8844, stack(0x0000000032c80000,0x0000000032d80000)]
  0x000000002ce57000 JavaThread "Unconstrained build operations Thread 39" [_thread_blocked, id=2672, stack(0x0000000033250000,0x0000000033350000)]
  0x0000000024c7c000 JavaThread "Cache worker for Java compile cache (C:\Users\user\.gradle\caches\7.1\javaCompile)" [_thread_blocked, id=4596, stack(0x00000000333f0000,0x00000000334f0000)]
  0x0000000024c7d800 JavaThread "C2 CompilerThread1" daemon [_thread_blocked, id=2740, stack(0x000000002dba0000,0x000000002dca0000)]
  0x000000002ce58000 JavaThread "C2 CompilerThread2" daemon [_thread_blocked, id=880, stack(0x0000000033ba0000,0x0000000033ca0000)]
  0x000000002ce58800 JavaThread "Build operations" [_thread_blocked, id=1604, stack(0x00000000299a0000,0x0000000029aa0000)]
  0x000000002ce59800 JavaThread "Build operations Thread 2" [_thread_blocked, id=7660, stack(0x0000000032ed0000,0x0000000032fd0000)]
  0x0000000024791000 JavaThread "Build operations Thread 3" [_thread_blocked, id=7208, stack(0x0000000033ea0000,0x0000000033fa0000)]
  0x0000000024792000 JavaThread "Build operations Thread 4" [_thread_blocked, id=3624, stack(0x0000000034090000,0x0000000034190000)]
  0x0000000024792800 JavaThread "Build operations Thread 5" [_thread_blocked, id=1084, stack(0x00000000330f0000,0x00000000331f0000)]
  0x0000000024793800 JavaThread "Build operations Thread 6" [_thread_blocked, id=11104, stack(0x0000000034260000,0x0000000034360000)]
  0x0000000024794800 JavaThread "Build operations Thread 7" [_thread_blocked, id=10024, stack(0x00000000344f0000,0x00000000345f0000)]
  0x0000000024795000 JavaThread "Build operations Thread 8" [_thread_blocked, id=3652, stack(0x00000000343a0000,0x00000000344a0000)]
  0x0000000024796000 JavaThread "Unconstrained build operations Thread 40" [_thread_blocked, id=10516, stack(0x00000000349a0000,0x0000000034aa0000)]
  0x0000000024796800 JavaThread "Unconstrained build operations Thread 41" [_thread_blocked, id=13124, stack(0x0000000034bd0000,0x0000000034cd0000)]
  0x0000000024797800 JavaThread "Unconstrained build operations Thread 42" [_thread_blocked, id=3368, stack(0x0000000034e80000,0x0000000034f80000)]
  0x000000002bc47800 JavaThread "Unconstrained build operations Thread 43" [_thread_blocked, id=13232, stack(0x0000000034ac0000,0x0000000034bc0000)]
  0x000000002bc48800 JavaThread "Unconstrained build operations Thread 44" [_thread_blocked, id=2556, stack(0x0000000034d10000,0x0000000034e10000)]
  0x000000002bc49800 JavaThread "Unconstrained build operations Thread 45" [_thread_blocked, id=5032, stack(0x0000000035010000,0x0000000035110000)]
  0x000000002bc4a000 JavaThread "Unconstrained build operations Thread 46" [_thread_blocked, id=13244, stack(0x0000000035220000,0x0000000035320000)]
  0x000000002bc4b000 JavaThread "Unconstrained build operations Thread 47" [_thread_blocked, id=11772, stack(0x0000000035450000,0x0000000035550000)]
  0x000000002bc4c000 JavaThread "Unconstrained build operations Thread 48" [_thread_blocked, id=1312, stack(0x00000000355c0000,0x00000000356c0000)]
  0x000000002bc4c800 JavaThread "Unconstrained build operations Thread 49" [_thread_blocked, id=9428, stack(0x0000000035710000,0x0000000035810000)]
  0x000000002bc4d800 JavaThread "Unconstrained build operations Thread 50" [_thread_blocked, id=3148, stack(0x0000000035960000,0x0000000035a60000)]
  0x000000002bc4e000 JavaThread "Unconstrained build operations Thread 51" [_thread_blocked, id=2520, stack(0x0000000035a80000,0x0000000035b80000)]
  0x00000000277ea000 JavaThread "Dispatch org.gradle.api.internal.tasks.testing.results.AttachParentTestResultProcessor@40d11651" [_thread_blocked, id=12348, stack(0x0000000035e90000,0x0000000035f90000)]
  0x00000000277eb000 JavaThread "Dispatch org.gradle.api.internal.tasks.testing.processors.RestartEveryNTestClassProcessor@4a66e3df" [_thread_blocked, id=12352, stack(0x0000000034890000,0x0000000034990000)]
  0x00000000277eb800 JavaThread "Incoming local TCP Connector on port 62243" [_thread_in_native, id=12364, stack(0x0000000034650000,0x0000000034750000)]
  0x00000000277ec800 JavaThread "Exec process" [_thread_blocked, id=11328, stack(0x0000000035ba0000,0x0000000035ca0000)]
  0x00000000277ed800 JavaThread "DisconnectableInputStream source reader" daemon [_thread_blocked, id=12400, stack(0x0000000035d10000,0x0000000035e10000)]

Other Threads:
  0x000000001f798000 VMThread "VM Thread" [stack: 0x000000001ea00000,0x000000001eb00000] [id=11316]
  0x0000000020653800 WatcherThread [stack: 0x0000000020c70000,0x0000000020d70000] [id=10928]
  0x0000000000406000 GCTaskThread "GC Thread#0" [stack: 0x000000001a170000,0x000000001a270000] [id=11368]
  0x0000000021baa800 GCTaskThread "GC Thread#1" [stack: 0x0000000022ae0000,0x0000000022be0000] [id=1052]
  0x00000000211ad000 GCTaskThread "GC Thread#2" [stack: 0x0000000022d10000,0x0000000022e10000] [id=5896]
  0x00000000208c8800 GCTaskThread "GC Thread#3" [stack: 0x0000000020b30000,0x0000000020c30000] [id=7556]
  0x0000000021987000 GCTaskThread "GC Thread#4" [stack: 0x0000000022e20000,0x0000000022f20000] [id=9288]
  0x00000000218ae000 GCTaskThread "GC Thread#5" [stack: 0x000000001fba0000,0x000000001fca0000] [id=11344]
  0x0000000023ba9800 GCTaskThread "GC Thread#6" [stack: 0x0000000026ce0000,0x0000000026de0000] [id=4388]
=>0x0000000022265800 GCTaskThread "GC Thread#7" [stack: 0x00000000269c0000,0x0000000026ac0000] [id=2624]
  0x0000000000418000 ConcurrentGCThread "G1 Main Marker" [stack: 0x000000001be20000,0x000000001bf20000] [id=4148]
  0x000000000041a000 ConcurrentGCThread "G1 Conc#0" [stack: 0x000000001bf70000,0x000000001c070000] [id=11864]
  0x000000002244f800 ConcurrentGCThread "G1 Conc#1" [stack: 0x00000000252c0000,0x00000000253c0000] [id=8336]
  0x000000001e594000 ConcurrentGCThread "G1 Refine#0" [stack: 0x000000001eba0000,0x000000001eca0000] [id=7232]
  0x000000001e597800 ConcurrentGCThread "G1 Young RemSet Sampling" [stack: 0x000000001ed50000,0x000000001ee50000] [id=3532]

Threads with active compile tasks:
C2 CompilerThread0 689085 9616   !   4       java.net.URL::<init> (543 bytes)

VM state:at safepoint (normal execution)

VM Mutex/Monitor currently owned by a thread:  ([mutex/lock_event])
[0x00000000003e8be0] Threads_lock - owner thread: 0x000000001f798000
[0x00000000003e93c0] Heap_lock - owner thread: 0x00000000277ec800

Heap address: 0x00000000e0000000, size: 512 MB, Compressed Oops mode: 32-bit
Narrow klass base: 0x0000000000000000, Narrow klass shift: 3
Compressed class space size: 260046848 Address: 0x0000000100000000

Heap:
 garbage-first heap   total 262144K, used 196196K [0x00000000e0000000, 0x0000000100000000)
  region size 1024K, 123 young (125952K), 13 survivors (13312K)
 Metaspace       used 79945K, capacity 82841K, committed 82892K, reserved 325632K
  class space    used 10481K, capacity 11499K, committed 11520K, reserved 253952K
Heap Regions: E=young(eden), S=young(survivor), O=old, HS=humongous(starts), HC=humongous(continues), CS=collection set, F=free, A=archive, TAMS=top-at-mark-start (previous, next)
|   0|0x00000000e0000000, 0x00000000e0100000, 0x00000000e0100000|100%| O|  |TAMS 0x00000000e0100000, 0x00000000e0000000| Untracked 
|   1|0x00000000e0100000, 0x00000000e0200000, 0x00000000e0200000|100%| O|  |TAMS 0x00000000e0200000, 0x00000000e0100000| Untracked 
|   2|0x00000000e0200000, 0x00000000e0300000, 0x00000000e0300000|100%| O|  |TAMS 0x00000000e0300000, 0x00000000e0200000| Untracked 
|   3|0x00000000e0300000, 0x00000000e0400000, 0x00000000e0400000|100%|HS|  |TAMS 0x00000000e0400000, 0x00000000e0300000| Complete 
|   4|0x00000000e0400000, 0x00000000e0500000, 0x00000000e0500000|100%|HC|  |TAMS 0x00000000e0500000, 0x00000000e0400000| Complete 
|   5|0x00000000e0500000, 0x00000000e0600000, 0x00000000e0600000|100%|HC|  |TAMS 0x00000000e0600000, 0x00000000e0500000| Complete 
|   6|0x00000000e0600000, 0x00000000e0700000, 0x00000000e0700000|100%| O|  |TAMS 0x00000000e0700000, 0x00000000e0600000| Untracked 
|   7|0x00000000e0700000, 0x00000000e0800000, 0x00000000e0800000|100%| O|  |TAMS 0x00000000e0800000, 0x00000000e0700000| Untracked 
|   8|0x00000000e0800000, 0x00000000e0900000, 0x00000000e0900000|100%| O|  |TAMS 0x00000000e0900000, 0x00000000e0800000| Untracked 
|   9|0x00000000e0900000, 0x00000000e0a00000, 0x00000000e0a00000|100%| O|  |TAMS 0x00000000e0a00000, 0x00000000e0900000| Untracked 
|  10|0x00000000e0a00000, 0x00000000e0b00000, 0x00000000e0b00000|100%| O|  |TAMS 0x00000000e0b00000, 0x00000000e0a00000| Untracked 
|  11|0x00000000e0b00000, 0x00000000e0c00000, 0x00000000e0c00000|100%| O|  |TAMS 0x00000000e0c00000, 0x00000000e0b00000| Untracked 
|  12|0x00000000e0c00000, 0x00000000e0d00000, 0x00000000e0d00000|100%| O|  |TAMS 0x00000000e0d00000, 0x00000000e0c00000| Untracked 
|  13|0x00000000e0d00000, 0x00000000e0e00000, 0x00000000e0e00000|100%| O|  |TAMS 0x00000000e0e00000, 0x00000000e0d00000| Untracked 
|  14|0x00000000e0e00000, 0x00000000e0f00000, 0x00000000e0f00000|100%| O|  |TAMS 0x00000000e0f00000, 0x00000000e0e00000| Untracked 
|  15|0x00000000e0f00000, 0x00000000e1000000, 0x00000000e1000000|100%| O|  |TAMS 0x00000000e1000000, 0x00000000e0f00000| Untracked 
|  16|0x00000000e1000000, 0x00000000e1100000, 0x00000000e1100000|100%| O|  |TAMS 0x00000000e1100000, 0x00000000e1000000| Untracked 
|  17|0x00000000e1100000, 0x00000000e1200000, 0x00000000e1200000|100%|HS|  |TAMS 0x00000000e1200000, 0x00000000e1100000| Complete 
|  18|0x00000000e1200000, 0x00000000e1300000, 0x00000000e1300000|100%|HC|  |TAMS 0x00000000e1300000, 0x00000000e1200000| Complete 
|  19|0x00000000e1300000, 0x00000000e1400000, 0x00000000e1400000|100%|HS|  |TAMS 0x00000000e1400000, 0x00000000e1300000| Complete 
|  20|0x00000000e1400000, 0x00000000e1500000, 0x00000000e1500000|100%|HC|  |TAMS 0x00000000e1500000, 0x00000000e1400000| Complete 
|  21|0x00000000e1500000, 0x00000000e1600000, 0x00000000e1600000|100%|HC|  |TAMS 0x00000000e1600000, 0x00000000e1500000| Complete 
|  22|0x00000000e1600000, 0x00000000e1700000, 0x00000000e1700000|100%|HS|  |TAMS 0x00000000e1700000, 0x00000000e1600000| Complete 
|  23|0x00000000e1700000, 0x00000000e1800000, 0x00000000e1800000|100%|HS|  |TAMS 0x00000000e1800000, 0x00000000e1700000| Complete 
|  24|0x00000000e1800000, 0x00000000e1900000, 0x00000000e1900000|100%|HC|  |TAMS 0x00000000e1900000, 0x00000000e1800000| Complete 
|  25|0x00000000e1900000, 0x00000000e1a00000, 0x00000000e1a00000|100%|HS|  |TAMS 0x00000000e1a00000, 0x00000000e1900000| Complete 
|  26|0x00000000e1a00000, 0x00000000e1b00000, 0x00000000e1b00000|100%|HS|  |TAMS 0x00000000e1b00000, 0x00000000e1a00000| Complete 
|  27|0x00000000e1b00000, 0x00000000e1c00000, 0x00000000e1c00000|100%|HC|  |TAMS 0x00000000e1c00000, 0x00000000e1b00000| Complete 
|  28|0x00000000e1c00000, 0x00000000e1d00000, 0x00000000e1d00000|100%|HC|  |TAMS 0x00000000e1d00000, 0x00000000e1c00000| Complete 
|  29|0x00000000e1d00000, 0x00000000e1e00000, 0x00000000e1e00000|100%|HS|  |TAMS 0x00000000e1e00000, 0x00000000e1d00000| Complete 
|  30|0x00000000e1e00000, 0x00000000e1f00000, 0x00000000e1f00000|100%|HS|  |TAMS 0x00000000e1f00000, 0x00000000e1e00000| Complete 
|  31|0x00000000e1f00000, 0x00000000e2000000, 0x00000000e2000000|100%|HC|  |TAMS 0x00000000e2000000, 0x00000000e1f00000| Complete 
|  32|0x00000000e2000000, 0x00000000e2100000, 0x00000000e2100000|100%|HC|  |TAMS 0x00000000e2100000, 0x00000000e2000000| Complete 
|  33|0x00000000e2100000, 0x00000000e2200000, 0x00000000e2200000|100%|HC|  |TAMS 0x00000000e2200000, 0x00000000e2100000| Complete 
|  34|0x00000000e2200000, 0x00000000e2300000, 0x00000000e2300000|100%|HS|  |TAMS 0x00000000e2300000, 0x00000000e2200000| Complete 
|  35|0x00000000e2300000, 0x00000000e2400000, 0x00000000e2400000|100%|HC|  |TAMS 0x00000000e2400000, 0x00000000e2300000| Complete 
|  36|0x00000000e2400000, 0x00000000e2500000, 0x00000000e2500000|100%|HC|  |TAMS 0x00000000e2500000, 0x00000000e2400000| Complete 
|  37|0x00000000e2500000, 0x00000000e2600000, 0x00000000e2600000|100%|HC|  |TAMS 0x00000000e2600000, 0x00000000e2500000| Complete 
|  38|0x00000000e2600000, 0x00000000e2700000, 0x00000000e2700000|100%|HS|  |TAMS 0x00000000e2700000, 0x00000000e2600000| Complete 
|  39|0x00000000e2700000, 0x00000000e2800000, 0x00000000e2800000|100%|HC|  |TAMS 0x00000000e2800000, 0x00000000e2700000| Complete 
|  40|0x00000000e2800000, 0x00000000e2900000, 0x00000000e2900000|100%|HC|  |TAMS 0x00000000e2900000, 0x00000000e2800000| Complete 
|  41|0x00000000e2900000, 0x00000000e2a00000, 0x00000000e2a00000|100%|HS|  |TAMS 0x00000000e2a00000, 0x00000000e2900000| Complete 
|  42|0x00000000e2a00000, 0x00000000e2b00000, 0x00000000e2b00000|100%|HC|  |TAMS 0x00000000e2b00000, 0x00000000e2a00000| Complete 
|  43|0x00000000e2b00000, 0x00000000e2c00000, 0x00000000e2c00000|100%|HC|  |TAMS 0x00000000e2c00000, 0x00000000e2b00000| Complete 
|  44|0x00000000e2c00000, 0x00000000e2d00000, 0x00000000e2d00000|100%|HC|  |TAMS 0x00000000e2d00000, 0x00000000e2c00000| Complete 
|  45|0x00000000e2d00000, 0x00000000e2e00000, 0x00000000e2e00000|100%| O|  |TAMS 0x00000000e2e00000, 0x00000000e2d00000| Untracked 
|  46|0x00000000e2e00000, 0x00000000e2f00000, 0x00000000e2f00000|100%| O|  |TAMS 0x00000000e2f00000, 0x00000000e2e00000| Untracked 
|  47|0x00000000e2f00000, 0x00000000e3000000, 0x00000000e3000000|100%| O|  |TAMS 0x00000000e3000000, 0x00000000e2f00000| Untracked 
|  48|0x00000000e3000000, 0x00000000e3100000, 0x00000000e3100000|100%| O|  |TAMS 0x00000000e3100000, 0x00000000e3000000| Untracked 
|  49|0x00000000e3100000, 0x00000000e3200000, 0x00000000e3200000|100%| O|  |TAMS 0x00000000e3200000, 0x00000000e3100000| Untracked 
|  50|0x00000000e3200000, 0x00000000e3300000, 0x00000000e3300000|100%| O|  |TAMS 0x00000000e3300000, 0x00000000e3200000| Untracked 
|  51|0x00000000e3300000, 0x00000000e3400000, 0x00000000e3400000|100%| O|  |TAMS 0x00000000e3400000, 0x00000000e3300000| Untracked 
|  52|0x00000000e3400000, 0x00000000e3500000, 0x00000000e3500000|100%| O|  |TAMS 0x00000000e3500000, 0x00000000e3400000| Untracked 
|  53|0x00000000e3500000, 0x00000000e3600000, 0x00000000e3600000|100%| O|  |TAMS 0x00000000e3600000, 0x00000000e3500000| Untracked 
|  54|0x00000000e3600000, 0x00000000e3700000, 0x00000000e3700000|100%| O|  |TAMS 0x00000000e3700000, 0x00000000e3600000| Untracked 
|  55|0x00000000e3700000, 0x00000000e3800000, 0x00000000e3800000|100%| O|  |TAMS 0x00000000e3800000, 0x00000000e3700000| Untracked 
|  56|0x00000000e3800000, 0x00000000e3900000, 0x00000000e3900000|100%| O|  |TAMS 0x00000000e3900000, 0x00000000e3800000| Untracked 
|  57|0x00000000e3900000, 0x00000000e3a00000, 0x00000000e3a00000|100%| O|  |TAMS 0x00000000e3a00000, 0x00000000e3900000| Untracked 
|  58|0x00000000e3a00000, 0x00000000e3b00000, 0x00000000e3b00000|100%| O|  |TAMS 0x00000000e3b00000, 0x00000000e3a00000| Untracked 
|  59|0x00000000e3b00000, 0x00000000e3c00000, 0x00000000e3c00000|100%| O|  |TAMS 0x00000000e3c00000, 0x00000000e3b00000| Untracked 
|  60|0x00000000e3c00000, 0x00000000e3d00000, 0x00000000e3d00000|100%| O|  |TAMS 0x00000000e3d00000, 0x00000000e3c00000| Untracked 
|  61|0x00000000e3d00000, 0x00000000e3e00000, 0x00000000e3e00000|100%| O|  |TAMS 0x00000000e3e00000, 0x00000000e3d00000| Untracked 
|  62|0x00000000e3e00000, 0x00000000e3f00000, 0x00000000e3f00000|100%| O|  |TAMS 0x00000000e3f00000, 0x00000000e3e00000| Untracked 
|  63|0x00000000e3f00000, 0x00000000e4000000, 0x00000000e4000000|100%| O|  |TAMS 0x00000000e4000000, 0x00000000e3f00000| Untracked 
|  64|0x00000000e4000000, 0x00000000e4100000, 0x00000000e4100000|100%| O|  |TAMS 0x00000000e4100000, 0x00000000e4000000| Untracked 
|  65|0x00000000e4100000, 0x00000000e4200000, 0x00000000e4200000|100%| O|  |TAMS 0x00000000e4200000, 0x00000000e4100000| Untracked 
|  66|0x00000000e4200000, 0x00000000e4300000, 0x00000000e4300000|100%| O|  |TAMS 0x00000000e4300000, 0x00000000e4200000| Untracked 
|  67|0x00000000e4300000, 0x00000000e4400000, 0x00000000e4400000|100%| O|  |TAMS 0x00000000e4400000, 0x00000000e4300000| Untracked 
|  68|0x00000000e4400000, 0x00000000e4500000, 0x00000000e4500000|100%| O|  |TAMS 0x00000000e4500000, 0x00000000e4400000| Untracked 
|  69|0x00000000e4500000, 0x00000000e4600000, 0x00000000e4600000|100%| O|  |TAMS 0x00000000e4572c00, 0x00000000e4500000| Untracked 
|  70|0x00000000e4600000, 0x00000000e4700000, 0x00000000e4700000|100%| O|  |TAMS 0x00000000e4600000, 0x00000000e4600000| Untracked 
|  71|0x00000000e4700000, 0x00000000e4800000, 0x00000000e4800000|100%| O|  |TAMS 0x00000000e4700000, 0x00000000e4700000| Untracked 
|  72|0x00000000e4800000, 0x00000000e4900000, 0x00000000e4900000|100%| O|  |TAMS 0x00000000e4800000, 0x00000000e4800000| Untracked 
|  73|0x00000000e4900000, 0x00000000e4a00000, 0x00000000e4a00000|100%| O|  |TAMS 0x00000000e4900000, 0x00000000e4900000| Untracked 
|  74|0x00000000e4a00000, 0x00000000e4b00000, 0x00000000e4b00000|100%| O|  |TAMS 0x00000000e4a00000, 0x00000000e4a00000| Untracked 
|  75|0x00000000e4b00000, 0x00000000e4c00000, 0x00000000e4c00000|100%| O|  |TAMS 0x00000000e4b00000, 0x00000000e4b00000| Untracked 
|  76|0x00000000e4c00000, 0x00000000e4c40010, 0x00000000e4d00000| 25%| O|  |TAMS 0x00000000e4c00000, 0x00000000e4c00000| Untracked 
|  77|0x00000000e4d00000, 0x00000000e4d00000, 0x00000000e4e00000|  0%| F|  |TAMS 0x00000000e4d00000, 0x00000000e4d00000| Untracked 
|  78|0x00000000e4e00000, 0x00000000e4e00000, 0x00000000e4f00000|  0%| F|  |TAMS 0x00000000e4e00000, 0x00000000e4e00000| Untracked 
|  79|0x00000000e4f00000, 0x00000000e4f00000, 0x00000000e5000000|  0%| F|  |TAMS 0x00000000e4f00000, 0x00000000e4f00000| Untracked 
|  80|0x00000000e5000000, 0x00000000e5000000, 0x00000000e5100000|  0%| F|  |TAMS 0x00000000e5000000, 0x00000000e5000000| Untracked 
|  81|0x00000000e5100000, 0x00000000e5100000, 0x00000000e5200000|  0%| F|  |TAMS 0x00000000e5100000, 0x00000000e5100000| Untracked 
|  82|0x00000000e5200000, 0x00000000e5200000, 0x00000000e5300000|  0%| F|  |TAMS 0x00000000e5200000, 0x00000000e5200000| Untracked 
|  83|0x00000000e5300000, 0x00000000e5300000, 0x00000000e5400000|  0%| F|  |TAMS 0x00000000e5300000, 0x00000000e5300000| Untracked 
|  84|0x00000000e5400000, 0x00000000e5400000, 0x00000000e5500000|  0%| F|  |TAMS 0x00000000e5400000, 0x00000000e5400000| Untracked 
|  85|0x00000000e5500000, 0x00000000e5500000, 0x00000000e5600000|  0%| F|  |TAMS 0x00000000e5500000, 0x00000000e5500000| Untracked 
|  86|0x00000000e5600000, 0x00000000e5600000, 0x00000000e5700000|  0%| F|  |TAMS 0x00000000e5600000, 0x00000000e5600000| Untracked 
|  87|0x00000000e5700000, 0x00000000e5700000, 0x00000000e5800000|  0%| F|  |TAMS 0x00000000e5700000, 0x00000000e5700000| Untracked 
|  88|0x00000000e5800000, 0x00000000e5800000, 0x00000000e5900000|  0%| F|  |TAMS 0x00000000e5800000, 0x00000000e5800000| Untracked 
|  89|0x00000000e5900000, 0x00000000e5900000, 0x00000000e5a00000|  0%| F|  |TAMS 0x00000000e5900000, 0x00000000e5900000| Untracked 
|  90|0x00000000e5a00000, 0x00000000e5a00000, 0x00000000e5b00000|  0%| F|  |TAMS 0x00000000e5a00000, 0x00000000e5a00000| Untracked 
|  91|0x00000000e5b00000, 0x00000000e5b00000, 0x00000000e5c00000|  0%| F|  |TAMS 0x00000000e5b00000, 0x00000000e5b00000| Untracked 
|  92|0x00000000e5c00000, 0x00000000e5c00000, 0x00000000e5d00000|  0%| F|  |TAMS 0x00000000e5c00000, 0x00000000e5c00000| Untracked 
|  93|0x00000000e5d00000, 0x00000000e5d00000, 0x00000000e5e00000|  0%| F|  |TAMS 0x00000000e5d00000, 0x00000000e5d00000| Untracked 
|  94|0x00000000e5e00000, 0x00000000e5e00000, 0x00000000e5f00000|  0%| F|  |TAMS 0x00000000e5e00000, 0x00000000e5e00000| Untracked 
|  95|0x00000000e5f00000, 0x00000000e5f00000, 0x00000000e6000000|  0%| F|  |TAMS 0x00000000e5f00000, 0x00000000e5f00000| Untracked 
|  96|0x00000000e6000000, 0x00000000e6000000, 0x00000000e6100000|  0%| F|  |TAMS 0x00000000e6000000, 0x00000000e6000000| Untracked 
|  97|0x00000000e6100000, 0x00000000e6100000, 0x00000000e6200000|  0%| F|  |TAMS 0x00000000e6100000, 0x00000000e6100000| Untracked 
|  98|0x00000000e6200000, 0x00000000e6200000, 0x00000000e6300000|  0%| F|  |TAMS 0x00000000e6200000, 0x00000000e6200000| Untracked 
|  99|0x00000000e6300000, 0x00000000e6300000, 0x00000000e6400000|  0%| F|  |TAMS 0x00000000e6300000, 0x00000000e6300000| Untracked 
| 100|0x00000000e6400000, 0x00000000e6400000, 0x00000000e6500000|  0%| F|  |TAMS 0x00000000e6400000, 0x00000000e6400000| Untracked 
| 101|0x00000000e6500000, 0x00000000e6500000, 0x00000000e6600000|  0%| F|  |TAMS 0x00000000e6500000, 0x00000000e6500000| Untracked 
| 102|0x00000000e6600000, 0x00000000e6600000, 0x00000000e6700000|  0%| F|  |TAMS 0x00000000e6600000, 0x00000000e6600000| Untracked 
| 103|0x00000000e6700000, 0x00000000e6700000, 0x00000000e6800000|  0%| F|  |TAMS 0x00000000e6700000, 0x00000000e6700000| Untracked 
| 104|0x00000000e6800000, 0x00000000e6800000, 0x00000000e6900000|  0%| F|  |TAMS 0x00000000e6800000, 0x00000000e6800000| Untracked 
| 105|0x00000000e6900000, 0x00000000e6900000, 0x00000000e6a00000|  0%| F|  |TAMS 0x00000000e6900000, 0x00000000e6900000| Untracked 
| 106|0x00000000e6a00000, 0x00000000e6a00000, 0x00000000e6b00000|  0%| F|  |TAMS 0x00000000e6a00000, 0x00000000e6a00000| Untracked 
| 107|0x00000000e6b00000, 0x00000000e6b00000, 0x00000000e6c00000|  0%| F|  |TAMS 0x00000000e6b00000, 0x00000000e6b00000| Untracked 
| 108|0x00000000e6c00000, 0x00000000e6c00000, 0x00000000e6d00000|  0%| F|  |TAMS 0x00000000e6c00000, 0x00000000e6c00000| Untracked 
| 109|0x00000000e6d00000, 0x00000000e6d00000, 0x00000000e6e00000|  0%| F|  |TAMS 0x00000000e6d00000, 0x00000000e6d00000| Untracked 
| 110|0x00000000e6e00000, 0x00000000e6e00000, 0x00000000e6f00000|  0%| F|  |TAMS 0x00000000e6e00000, 0x00000000e6e00000| Untracked 
| 111|0x00000000e6f00000, 0x00000000e6f00000, 0x00000000e7000000|  0%| F|  |TAMS 0x00000000e6f00000, 0x00000000e6f00000| Untracked 
| 112|0x00000000e7000000, 0x00000000e7000000, 0x00000000e7100000|  0%| F|  |TAMS 0x00000000e7000000, 0x00000000e7000000| Untracked 
| 113|0x00000000e7100000, 0x00000000e7100000, 0x00000000e7200000|  0%| F|  |TAMS 0x00000000e7100000, 0x00000000e7100000| Untracked 
| 114|0x00000000e7200000, 0x00000000e7200000, 0x00000000e7300000|  0%| F|  |TAMS 0x00000000e7200000, 0x00000000e7200000| Untracked 
| 115|0x00000000e7300000, 0x00000000e7300000, 0x00000000e7400000|  0%| F|  |TAMS 0x00000000e7300000, 0x00000000e7300000| Untracked 
| 116|0x00000000e7400000, 0x00000000e7400000, 0x00000000e7500000|  0%| F|  |TAMS 0x00000000e7400000, 0x00000000e7400000| Untracked 
| 117|0x00000000e7500000, 0x00000000e7500000, 0x00000000e7600000|  0%| F|  |TAMS 0x00000000e7500000, 0x00000000e7500000| Untracked 
| 118|0x00000000e7600000, 0x00000000e7600000, 0x00000000e7700000|  0%| F|  |TAMS 0x00000000e7600000, 0x00000000e7600000| Untracked 
| 119|0x00000000e7700000, 0x00000000e7700000, 0x00000000e7800000|  0%| F|  |TAMS 0x00000000e7700000, 0x00000000e7700000| Untracked 
| 120|0x00000000e7800000, 0x00000000e78401f8, 0x00000000e7900000| 25%| S|  |TAMS 0x00000000e7800000, 0x00000000e7800000| Complete 
| 121|0x00000000e7900000, 0x00000000e7a00000, 0x00000000e7a00000|100%| S|  |TAMS 0x00000000e7900000, 0x00000000e7900000| Complete 
| 122|0x00000000e7a00000, 0x00000000e7b00000, 0x00000000e7b00000|100%| S|  |TAMS 0x00000000e7a00000, 0x00000000e7a00000| Complete 
| 123|0x00000000e7b00000, 0x00000000e7c00000, 0x00000000e7c00000|100%| S|  |TAMS 0x00000000e7b00000, 0x00000000e7b00000| Complete 
| 124|0x00000000e7c00000, 0x00000000e7d00000, 0x00000000e7d00000|100%| S|  |TAMS 0x00000000e7c00000, 0x00000000e7c00000| Complete 
| 125|0x00000000e7d00000, 0x00000000e7d26448, 0x00000000e7e00000| 14%| E|CS|TAMS 0x00000000e7d00000, 0x00000000e7d00000| Complete 
| 126|0x00000000e7e00000, 0x00000000e7f00000, 0x00000000e7f00000|100%| E|CS|TAMS 0x00000000e7e00000, 0x00000000e7e00000| Complete 
| 127|0x00000000e7f00000, 0x00000000e8000000, 0x00000000e8000000|100%| E|CS|TAMS 0x00000000e7f00000, 0x00000000e7f00000| Complete 
| 128|0x00000000e8000000, 0x00000000e8100000, 0x00000000e8100000|100%| E|CS|TAMS 0x00000000e8000000, 0x00000000e8000000| Complete 
| 129|0x00000000e8100000, 0x00000000e8200000, 0x00000000e8200000|100%| E|CS|TAMS 0x00000000e8100000, 0x00000000e8100000| Complete 
| 130|0x00000000e8200000, 0x00000000e8300000, 0x00000000e8300000|100%| E|CS|TAMS 0x00000000e8200000, 0x00000000e8200000| Complete 
| 131|0x00000000e8300000, 0x00000000e8400000, 0x00000000e8400000|100%| E|CS|TAMS 0x00000000e8300000, 0x00000000e8300000| Complete 
| 132|0x00000000e8400000, 0x00000000e8500000, 0x00000000e8500000|100%| E|CS|TAMS 0x00000000e8400000, 0x00000000e8400000| Complete 
| 133|0x00000000e8500000, 0x00000000e8600000, 0x00000000e8600000|100%| E|CS|TAMS 0x00000000e8500000, 0x00000000e8500000| Complete 
| 134|0x00000000e8600000, 0x00000000e8700000, 0x00000000e8700000|100%| E|CS|TAMS 0x00000000e8600000, 0x00000000e8600000| Complete 
| 135|0x00000000e8700000, 0x00000000e8800000, 0x00000000e8800000|100%| E|CS|TAMS 0x00000000e8700000, 0x00000000e8700000| Complete 
| 136|0x00000000e8800000, 0x00000000e8900000, 0x00000000e8900000|100%| E|CS|TAMS 0x00000000e8800000, 0x00000000e8800000| Complete 
| 137|0x00000000e8900000, 0x00000000e8a00000, 0x00000000e8a00000|100%| E|CS|TAMS 0x00000000e8900000, 0x00000000e8900000| Complete 
| 138|0x00000000e8a00000, 0x00000000e8b00000, 0x00000000e8b00000|100%| S|  |TAMS 0x00000000e8a00000, 0x00000000e8a00000| Complete 
| 139|0x00000000e8b00000, 0x00000000e8c00000, 0x00000000e8c00000|100%| S|  |TAMS 0x00000000e8b00000, 0x00000000e8b00000| Complete 
| 140|0x00000000e8c00000, 0x00000000e8d00000, 0x00000000e8d00000|100%| S|  |TAMS 0x00000000e8c00000, 0x00000000e8c00000| Complete 
| 141|0x00000000e8d00000, 0x00000000e8e00000, 0x00000000e8e00000|100%| S|  |TAMS 0x00000000e8d00000, 0x00000000e8d00000| Complete 
| 142|0x00000000e8e00000, 0x00000000e8f00000, 0x00000000e8f00000|100%| S|  |TAMS 0x00000000e8e00000, 0x00000000e8e00000| Complete 
| 143|0x00000000e8f00000, 0x00000000e9000000, 0x00000000e9000000|100%| S|  |TAMS 0x00000000e8f00000, 0x00000000e8f00000| Complete 
| 144|0x00000000e9000000, 0x00000000e9100000, 0x00000000e9100000|100%| S|  |TAMS 0x00000000e9000000, 0x00000000e9000000| Complete 
| 145|0x00000000e9100000, 0x00000000e9200000, 0x00000000e9200000|100%| S|  |TAMS 0x00000000e9100000, 0x00000000e9100000| Complete 
| 146|0x00000000e9200000, 0x00000000e9300000, 0x00000000e9300000|100%| E|CS|TAMS 0x00000000e9200000, 0x00000000e9200000| Complete 
| 147|0x00000000e9300000, 0x00000000e9400000, 0x00000000e9400000|100%| E|CS|TAMS 0x00000000e9300000, 0x00000000e9300000| Complete 
| 148|0x00000000e9400000, 0x00000000e9500000, 0x00000000e9500000|100%| E|CS|TAMS 0x00000000e9400000, 0x00000000e9400000| Complete 
| 149|0x00000000e9500000, 0x00000000e9600000, 0x00000000e9600000|100%| E|CS|TAMS 0x00000000e9500000, 0x00000000e9500000| Complete 
| 150|0x00000000e9600000, 0x00000000e9700000, 0x00000000e9700000|100%| E|CS|TAMS 0x00000000e9600000, 0x00000000e9600000| Complete 
| 151|0x00000000e9700000, 0x00000000e9800000, 0x00000000e9800000|100%| E|CS|TAMS 0x00000000e9700000, 0x00000000e9700000| Complete 
| 152|0x00000000e9800000, 0x00000000e9900000, 0x00000000e9900000|100%| E|CS|TAMS 0x00000000e9800000, 0x00000000e9800000| Complete 
| 153|0x00000000e9900000, 0x00000000e9a00000, 0x00000000e9a00000|100%| E|CS|TAMS 0x00000000e9900000, 0x00000000e9900000| Complete 
| 154|0x00000000e9a00000, 0x00000000e9b00000, 0x00000000e9b00000|100%| E|CS|TAMS 0x00000000e9a00000, 0x00000000e9a00000| Complete 
| 155|0x00000000e9b00000, 0x00000000e9c00000, 0x00000000e9c00000|100%| E|CS|TAMS 0x00000000e9b00000, 0x00000000e9b00000| Complete 
| 156|0x00000000e9c00000, 0x00000000e9d00000, 0x00000000e9d00000|100%| E|CS|TAMS 0x00000000e9c00000, 0x00000000e9c00000| Complete 
| 157|0x00000000e9d00000, 0x00000000e9e00000, 0x00000000e9e00000|100%| E|CS|TAMS 0x00000000e9d00000, 0x00000000e9d00000| Complete 
| 158|0x00000000e9e00000, 0x00000000e9f00000, 0x00000000e9f00000|100%| E|CS|TAMS 0x00000000e9e00000, 0x00000000e9e00000| Complete 
| 159|0x00000000e9f00000, 0x00000000ea000000, 0x00000000ea000000|100%| E|CS|TAMS 0x00000000e9f00000, 0x00000000e9f00000| Complete 
| 160|0x00000000ea000000, 0x00000000ea100000, 0x00000000ea100000|100%| E|CS|TAMS 0x00000000ea000000, 0x00000000ea000000| Complete 
| 161|0x00000000ea100000, 0x00000000ea200000, 0x00000000ea200000|100%| E|CS|TAMS 0x00000000ea100000, 0x00000000ea100000| Complete 
| 162|0x00000000ea200000, 0x00000000ea300000, 0x00000000ea300000|100%| E|CS|TAMS 0x00000000ea200000, 0x00000000ea200000| Complete 
| 163|0x00000000ea300000, 0x00000000ea400000, 0x00000000ea400000|100%| E|CS|TAMS 0x00000000ea300000, 0x00000000ea300000| Complete 
| 164|0x00000000ea400000, 0x00000000ea500000, 0x00000000ea500000|100%| E|CS|TAMS 0x00000000ea400000, 0x00000000ea400000| Complete 
| 165|0x00000000ea500000, 0x00000000ea600000, 0x00000000ea600000|100%| E|CS|TAMS 0x00000000ea500000, 0x00000000ea500000| Complete 
| 166|0x00000000ea600000, 0x00000000ea700000, 0x00000000ea700000|100%| E|CS|TAMS 0x00000000ea600000, 0x00000000ea600000| Complete 
| 167|0x00000000ea700000, 0x00000000ea800000, 0x00000000ea800000|100%| E|CS|TAMS 0x00000000ea700000, 0x00000000ea700000| Complete 
| 168|0x00000000ea800000, 0x00000000ea900000, 0x00000000ea900000|100%| E|CS|TAMS 0x00000000ea800000, 0x00000000ea800000| Complete 
| 169|0x00000000ea900000, 0x00000000eaa00000, 0x00000000eaa00000|100%| E|CS|TAMS 0x00000000ea900000, 0x00000000ea900000| Complete 
| 170|0x00000000eaa00000, 0x00000000eab00000, 0x00000000eab00000|100%| E|CS|TAMS 0x00000000eaa00000, 0x00000000eaa00000| Complete 
| 171|0x00000000eab00000, 0x00000000eac00000, 0x00000000eac00000|100%| E|CS|TAMS 0x00000000eab00000, 0x00000000eab00000| Complete 
| 172|0x00000000eac00000, 0x00000000ead00000, 0x00000000ead00000|100%| E|CS|TAMS 0x00000000eac00000, 0x00000000eac00000| Complete 
| 173|0x00000000ead00000, 0x00000000eae00000, 0x00000000eae00000|100%| E|CS|TAMS 0x00000000ead00000, 0x00000000ead00000| Complete 
| 174|0x00000000eae00000, 0x00000000eaf00000, 0x00000000eaf00000|100%| E|CS|TAMS 0x00000000eae00000, 0x00000000eae00000| Complete 
| 175|0x00000000eaf00000, 0x00000000eb000000, 0x00000000eb000000|100%| E|CS|TAMS 0x00000000eaf00000, 0x00000000eaf00000| Complete 
| 176|0x00000000eb000000, 0x00000000eb100000, 0x00000000eb100000|100%| E|CS|TAMS 0x00000000eb000000, 0x00000000eb000000| Complete 
| 177|0x00000000eb100000, 0x00000000eb200000, 0x00000000eb200000|100%| E|CS|TAMS 0x00000000eb100000, 0x00000000eb100000| Complete 
| 178|0x00000000eb200000, 0x00000000eb300000, 0x00000000eb300000|100%| E|CS|TAMS 0x00000000eb200000, 0x00000000eb200000| Complete 
| 179|0x00000000eb300000, 0x00000000eb400000, 0x00000000eb400000|100%| E|CS|TAMS 0x00000000eb300000, 0x00000000eb300000| Complete 
| 180|0x00000000eb400000, 0x00000000eb500000, 0x00000000eb500000|100%| E|CS|TAMS 0x00000000eb400000, 0x00000000eb400000| Complete 
| 181|0x00000000eb500000, 0x00000000eb600000, 0x00000000eb600000|100%| E|CS|TAMS 0x00000000eb500000, 0x00000000eb500000| Complete 
| 182|0x00000000eb600000, 0x00000000eb700000, 0x00000000eb700000|100%| E|CS|TAMS 0x00000000eb600000, 0x00000000eb600000| Complete 
| 183|0x00000000eb700000, 0x00000000eb800000, 0x00000000eb800000|100%| E|CS|TAMS 0x00000000eb700000, 0x00000000eb700000| Complete 
| 184|0x00000000eb800000, 0x00000000eb900000, 0x00000000eb900000|100%| E|CS|TAMS 0x00000000eb800000, 0x00000000eb800000| Complete 
| 185|0x00000000eb900000, 0x00000000eba00000, 0x00000000eba00000|100%| E|CS|TAMS 0x00000000eb900000, 0x00000000eb900000| Complete 
| 186|0x00000000eba00000, 0x00000000ebb00000, 0x00000000ebb00000|100%| E|CS|TAMS 0x00000000eba00000, 0x00000000eba00000| Complete 
| 187|0x00000000ebb00000, 0x00000000ebc00000, 0x00000000ebc00000|100%| E|CS|TAMS 0x00000000ebb00000, 0x00000000ebb00000| Complete 
| 188|0x00000000ebc00000, 0x00000000ebd00000, 0x00000000ebd00000|100%| E|CS|TAMS 0x00000000ebc00000, 0x00000000ebc00000| Complete 
| 189|0x00000000ebd00000, 0x00000000ebe00000, 0x00000000ebe00000|100%| E|CS|TAMS 0x00000000ebd00000, 0x00000000ebd00000| Complete 
| 190|0x00000000ebe00000, 0x00000000ebf00000, 0x00000000ebf00000|100%| E|CS|TAMS 0x00000000ebe00000, 0x00000000ebe00000| Complete 
| 191|0x00000000ebf00000, 0x00000000ec000000, 0x00000000ec000000|100%| E|CS|TAMS 0x00000000ebf00000, 0x00000000ebf00000| Complete 
| 192|0x00000000ec000000, 0x00000000ec100000, 0x00000000ec100000|100%| E|CS|TAMS 0x00000000ec000000, 0x00000000ec000000| Complete 
| 193|0x00000000ec100000, 0x00000000ec200000, 0x00000000ec200000|100%| E|CS|TAMS 0x00000000ec100000, 0x00000000ec100000| Complete 
| 194|0x00000000ec200000, 0x00000000ec300000, 0x00000000ec300000|100%| E|CS|TAMS 0x00000000ec200000, 0x00000000ec200000| Complete 
| 195|0x00000000ec300000, 0x00000000ec400000, 0x00000000ec400000|100%| E|CS|TAMS 0x00000000ec300000, 0x00000000ec300000| Complete 
| 196|0x00000000ec400000, 0x00000000ec500000, 0x00000000ec500000|100%| E|CS|TAMS 0x00000000ec400000, 0x00000000ec400000| Complete 
| 197|0x00000000ec500000, 0x00000000ec600000, 0x00000000ec600000|100%| E|CS|TAMS 0x00000000ec500000, 0x00000000ec500000| Complete 
| 198|0x00000000ec600000, 0x00000000ec700000, 0x00000000ec700000|100%| E|CS|TAMS 0x00000000ec600000, 0x00000000ec600000| Complete 
| 199|0x00000000ec700000, 0x00000000ec800000, 0x00000000ec800000|100%| E|CS|TAMS 0x00000000ec700000, 0x00000000ec700000| Complete 
| 200|0x00000000ec800000, 0x00000000ec900000, 0x00000000ec900000|100%| E|CS|TAMS 0x00000000ec800000, 0x00000000ec800000| Complete 
| 201|0x00000000ec900000, 0x00000000eca00000, 0x00000000eca00000|100%| E|CS|TAMS 0x00000000ec900000, 0x00000000ec900000| Complete 
| 202|0x00000000eca00000, 0x00000000ecb00000, 0x00000000ecb00000|100%| E|CS|TAMS 0x00000000eca00000, 0x00000000eca00000| Complete 
| 203|0x00000000ecb00000, 0x00000000ecc00000, 0x00000000ecc00000|100%| E|CS|TAMS 0x00000000ecb00000, 0x00000000ecb00000| Complete 
| 204|0x00000000ecc00000, 0x00000000ecd00000, 0x00000000ecd00000|100%| E|CS|TAMS 0x00000000ecc00000, 0x00000000ecc00000| Complete 
| 205|0x00000000ecd00000, 0x00000000ece00000, 0x00000000ece00000|100%| E|CS|TAMS 0x00000000ecd00000, 0x00000000ecd00000| Complete 
| 206|0x00000000ece00000, 0x00000000ecf00000, 0x00000000ecf00000|100%| E|CS|TAMS 0x00000000ece00000, 0x00000000ece00000| Complete 
| 207|0x00000000ecf00000, 0x00000000ed000000, 0x00000000ed000000|100%| E|CS|TAMS 0x00000000ecf00000, 0x00000000ecf00000| Complete 
| 208|0x00000000ed000000, 0x00000000ed100000, 0x00000000ed100000|100%| E|CS|TAMS 0x00000000ed000000, 0x00000000ed000000| Complete 
| 209|0x00000000ed100000, 0x00000000ed200000, 0x00000000ed200000|100%| E|CS|TAMS 0x00000000ed100000, 0x00000000ed100000| Complete 
| 210|0x00000000ed200000, 0x00000000ed300000, 0x00000000ed300000|100%| E|CS|TAMS 0x00000000ed200000, 0x00000000ed200000| Complete 
| 211|0x00000000ed300000, 0x00000000ed400000, 0x00000000ed400000|100%| E|CS|TAMS 0x00000000ed300000, 0x00000000ed300000| Complete 
| 212|0x00000000ed400000, 0x00000000ed500000, 0x00000000ed500000|100%| E|CS|TAMS 0x00000000ed400000, 0x00000000ed400000| Complete 
| 213|0x00000000ed500000, 0x00000000ed600000, 0x00000000ed600000|100%| E|CS|TAMS 0x00000000ed500000, 0x00000000ed500000| Complete 
| 214|0x00000000ed600000, 0x00000000ed700000, 0x00000000ed700000|100%| E|CS|TAMS 0x00000000ed600000, 0x00000000ed600000| Complete 
| 215|0x00000000ed700000, 0x00000000ed800000, 0x00000000ed800000|100%| E|CS|TAMS 0x00000000ed700000, 0x00000000ed700000| Complete 
| 216|0x00000000ed800000, 0x00000000ed900000, 0x00000000ed900000|100%| E|CS|TAMS 0x00000000ed800000, 0x00000000ed800000| Complete 
| 217|0x00000000ed900000, 0x00000000eda00000, 0x00000000eda00000|100%| E|CS|TAMS 0x00000000ed900000, 0x00000000ed900000| Complete 
| 218|0x00000000eda00000, 0x00000000edb00000, 0x00000000edb00000|100%| E|CS|TAMS 0x00000000eda00000, 0x00000000eda00000| Complete 
| 219|0x00000000edb00000, 0x00000000edc00000, 0x00000000edc00000|100%| E|CS|TAMS 0x00000000edb00000, 0x00000000edb00000| Complete 
| 220|0x00000000edc00000, 0x00000000edd00000, 0x00000000edd00000|100%| E|CS|TAMS 0x00000000edc00000, 0x00000000edc00000| Complete 
| 221|0x00000000edd00000, 0x00000000ede00000, 0x00000000ede00000|100%| E|CS|TAMS 0x00000000edd00000, 0x00000000edd00000| Complete 
| 222|0x00000000ede00000, 0x00000000edf00000, 0x00000000edf00000|100%| E|CS|TAMS 0x00000000ede00000, 0x00000000ede00000| Complete 
| 223|0x00000000edf00000, 0x00000000ee000000, 0x00000000ee000000|100%| E|CS|TAMS 0x00000000edf00000, 0x00000000edf00000| Complete 
| 224|0x00000000ee000000, 0x00000000ee100000, 0x00000000ee100000|100%| E|CS|TAMS 0x00000000ee000000, 0x00000000ee000000| Complete 
| 225|0x00000000ee100000, 0x00000000ee200000, 0x00000000ee200000|100%| E|CS|TAMS 0x00000000ee100000, 0x00000000ee100000| Complete 
| 226|0x00000000ee200000, 0x00000000ee300000, 0x00000000ee300000|100%| E|CS|TAMS 0x00000000ee200000, 0x00000000ee200000| Complete 
| 227|0x00000000ee300000, 0x00000000ee400000, 0x00000000ee400000|100%| E|CS|TAMS 0x00000000ee300000, 0x00000000ee300000| Complete 
| 228|0x00000000ee400000, 0x00000000ee500000, 0x00000000ee500000|100%| E|CS|TAMS 0x00000000ee400000, 0x00000000ee400000| Complete 
| 229|0x00000000ee500000, 0x00000000ee600000, 0x00000000ee600000|100%| E|CS|TAMS 0x00000000ee500000, 0x00000000ee500000| Complete 
| 230|0x00000000ee600000, 0x00000000ee700000, 0x00000000ee700000|100%| E|CS|TAMS 0x00000000ee600000, 0x00000000ee600000| Complete 
| 231|0x00000000ee700000, 0x00000000ee800000, 0x00000000ee800000|100%| E|CS|TAMS 0x00000000ee700000, 0x00000000ee700000| Complete 
| 232|0x00000000ee800000, 0x00000000ee900000, 0x00000000ee900000|100%| E|CS|TAMS 0x00000000ee800000, 0x00000000ee800000| Complete 
| 233|0x00000000ee900000, 0x00000000eea00000, 0x00000000eea00000|100%| E|CS|TAMS 0x00000000ee900000, 0x00000000ee900000| Complete 
| 234|0x00000000eea00000, 0x00000000eeb00000, 0x00000000eeb00000|100%| E|CS|TAMS 0x00000000eea00000, 0x00000000eea00000| Complete 
| 235|0x00000000eeb00000, 0x00000000eec00000, 0x00000000eec00000|100%| E|CS|TAMS 0x00000000eeb00000, 0x00000000eeb00000| Complete 
| 236|0x00000000eec00000, 0x00000000eed00000, 0x00000000eed00000|100%| E|CS|TAMS 0x00000000eec00000, 0x00000000eec00000| Complete 
| 237|0x00000000eed00000, 0x00000000eee00000, 0x00000000eee00000|100%| E|CS|TAMS 0x00000000eed00000, 0x00000000eed00000| Complete 
| 238|0x00000000eee00000, 0x00000000eef00000, 0x00000000eef00000|100%| E|CS|TAMS 0x00000000eee00000, 0x00000000eee00000| Complete 
| 239|0x00000000eef00000, 0x00000000ef000000, 0x00000000ef000000|100%| E|CS|TAMS 0x00000000eef00000, 0x00000000eef00000| Complete 
| 240|0x00000000ef000000, 0x00000000ef100000, 0x00000000ef100000|100%| E|CS|TAMS 0x00000000ef000000, 0x00000000ef000000| Complete 
| 241|0x00000000ef100000, 0x00000000ef200000, 0x00000000ef200000|100%| E|CS|TAMS 0x00000000ef100000, 0x00000000ef100000| Complete 
| 242|0x00000000ef200000, 0x00000000ef300000, 0x00000000ef300000|100%| E|CS|TAMS 0x00000000ef200000, 0x00000000ef200000| Complete 
| 243|0x00000000ef300000, 0x00000000ef400000, 0x00000000ef400000|100%| E|CS|TAMS 0x00000000ef300000, 0x00000000ef300000| Complete 
| 244|0x00000000ef400000, 0x00000000ef500000, 0x00000000ef500000|100%| E|CS|TAMS 0x00000000ef400000, 0x00000000ef400000| Complete 
| 245|0x00000000ef500000, 0x00000000ef600000, 0x00000000ef600000|100%| E|CS|TAMS 0x00000000ef500000, 0x00000000ef500000| Complete 
| 246|0x00000000ef600000, 0x00000000ef700000, 0x00000000ef700000|100%| E|CS|TAMS 0x00000000ef600000, 0x00000000ef600000| Complete 
| 247|0x00000000ef700000, 0x00000000ef800000, 0x00000000ef800000|100%| E|CS|TAMS 0x00000000ef700000, 0x00000000ef700000| Complete 
| 248|0x00000000ef800000, 0x00000000ef900000, 0x00000000ef900000|100%| E|CS|TAMS 0x00000000ef800000, 0x00000000ef800000| Complete 
| 249|0x00000000ef900000, 0x00000000efa00000, 0x00000000efa00000|100%| E|CS|TAMS 0x00000000ef900000, 0x00000000ef900000| Complete 
| 250|0x00000000efa00000, 0x00000000efb00000, 0x00000000efb00000|100%| E|CS|TAMS 0x00000000efa00000, 0x00000000efa00000| Complete 
| 251|0x00000000efb00000, 0x00000000efc00000, 0x00000000efc00000|100%| E|CS|TAMS 0x00000000efb00000, 0x00000000efb00000| Complete 
| 252|0x00000000efc00000, 0x00000000efd00000, 0x00000000efd00000|100%| E|CS|TAMS 0x00000000efc00000, 0x00000000efc00000| Complete 
| 253|0x00000000efd00000, 0x00000000efe00000, 0x00000000efe00000|100%| E|CS|TAMS 0x00000000efd00000, 0x00000000efd00000| Complete 
| 254|0x00000000efe00000, 0x00000000eff00000, 0x00000000eff00000|100%| E|CS|TAMS 0x00000000efe00000, 0x00000000efe00000| Complete 
| 255|0x00000000eff00000, 0x00000000f0000000, 0x00000000f0000000|100%| E|CS|TAMS 0x00000000eff00000, 0x00000000eff00000| Complete 

Card table byte_map: [0x000000001abf0000,0x000000001acf0000] _byte_map_base: 0x000000001a4f0000

Marking Bits (Prev, Next): (CMBitMap*) 0x00000000004150c0, (CMBitMap*) 0x0000000000415088
 Prev Bits: [0x000000001b5f0000, 0x000000001bdf0000)
 Next Bits: [0x000000001adf0000, 0x000000001b5f0000)

Polling page: 0x0000000000250000

Metaspace:

Usage:
  Non-class:     69.67 MB capacity,    67.84 MB ( 97%) used,     1.56 MB (  2%) free+waste,   276.13 KB ( <1%) overhead. 
      Class:     11.23 MB capacity,    10.24 MB ( 91%) used,   884.78 KB (  8%) free+waste,   133.00 KB (  1%) overhead. 
       Both:     80.90 MB capacity,    78.07 MB ( 97%) used,     2.43 MB (  3%) free+waste,   409.13 KB ( <1%) overhead. 

Virtual space:
  Non-class space:       70.00 MB reserved,      69.70 MB (>99%) committed 
      Class space:      248.00 MB reserved,      11.25 MB (  5%) committed 
             Both:      318.00 MB reserved,      80.95 MB ( 25%) committed 

Chunk freelists:
   Non-Class:  30.00 KB
       Class:  0 bytes
        Both:  30.00 KB

MaxMetaspaceSize: 256.00 MB
CompressedClassSpaceSize: 248.00 MB
Initial GC threshold: 20.80 MB
Current GC threshold: 98.25 MB
CDS: off

CodeHeap 'non-profiled nmethods': size=120000Kb used=5991Kb max_used=5991Kb free=114008Kb
 bounds [0x0000000012ad0000, 0x00000000130b0000, 0x000000001a000000]
CodeHeap 'profiled nmethods': size=120000Kb used=20189Kb max_used=20189Kb free=99810Kb
 bounds [0x000000000b5a0000, 0x000000000c960000, 0x0000000012ad0000]
CodeHeap 'non-nmethods': size=5760Kb used=2354Kb max_used=2411Kb free=3405Kb
 bounds [0x000000000b000000, 0x000000000b270000, 0x000000000b5a0000]
 total_blobs=10401 nmethods=9538 adapters=775
 compilation: enabled
              stopped_count=0, restarted_count=0
 full_count=0

Compilation events (20 events):
Event: 688.650 Thread 0x0000000024c7d800 nmethod 9631 0x00000000130a6390 code [0x00000000130a6560, 0x00000000130a69a8]
Event: 688.650 Thread 0x0000000024c7d800 9635       4       java.io.ObjectOutputStream$BlockDataOutputStream::writeBytes (144 bytes)
Event: 688.693 Thread 0x000000001f806000 9636       3       java.lang.ProcessEnvironment$CheckedEntry::getKey (5 bytes)
Event: 688.694 Thread 0x000000001f806000 nmethod 9636 0x000000000c954a10 code [0x000000000c954be0, 0x000000000c954ee8]
Event: 688.694 Thread 0x000000001f806000 9637       3       java.lang.ProcessEnvironment$CheckedEntry::getKey (13 bytes)
Event: 688.695 Thread 0x000000001f806000 nmethod 9637 0x000000000c955010 code [0x000000000c9551e0, 0x000000000c955488]
Event: 688.695 Thread 0x000000001f806000 9638       3       java.lang.ProcessEnvironment$CheckedEntry::getValue (5 bytes)
Event: 688.695 Thread 0x000000002ce58000 nmethod 9634 0x00000000130a6c10 code [0x00000000130a6dc0, 0x00000000130a7518]
Event: 688.696 Thread 0x000000001f806000 nmethod 9638 0x000000000c955590 code [0x000000000c955760, 0x000000000c955a68]
Event: 688.696 Thread 0x000000001f806000 9639       3       java.lang.ProcessEnvironment$CheckedEntry::getValue (13 bytes)
Event: 688.696 Thread 0x000000001f806000 nmethod 9639 0x000000000c955b90 code [0x000000000c955d60, 0x000000000c956008]
Event: 688.714 Thread 0x0000000024c7d800 nmethod 9635 0x00000000130a7990 code [0x00000000130a7b40, 0x00000000130a8238]
Event: 688.731 Thread 0x000000001f806000 9644       3       java.lang.invoke.LambdaForm::returnType (26 bytes)
Event: 688.732 Thread 0x000000001f806000 nmethod 9644 0x000000000c956110 code [0x000000000c9562c0, 0x000000000c956438]
Event: 688.743 Thread 0x000000001f806000 9648       3       java.lang.invoke.InvokerBytecodeGenerator::<init> (80 bytes)
Event: 688.746 Thread 0x000000001f806000 nmethod 9648 0x000000000c956510 code [0x000000000c956700, 0x000000000c956aa8]
Event: 688.746 Thread 0x000000001f806000 9649   !   3       java.lang.invoke.InvokerBytecodeGenerator::resolveInvokerMember (41 bytes)
Event: 688.748 Thread 0x000000001f806000 nmethod 9649 0x000000000c956d10 code [0x000000000c956f00, 0x000000000c957248]
Event: 688.748 Thread 0x000000001f806000 9647   !   3       java.lang.invoke.LambdaForm::lambdaName (49 bytes)
Event: 688.749 Thread 0x000000001f806000 nmethod 9647 0x000000000c957410 code [0x000000000c9575c0, 0x000000000c9576d8]

GC Heap History (19 events):
Event: 1.882 GC heap before
{Heap before GC invocations=0 (full 0):
 garbage-first heap   total 262144K, used 29696K [0x00000000e0000000, 0x0000000100000000)
  region size 1024K, 24 young (24576K), 0 survivors (0K)
 Metaspace       used 10151K, capacity 10434K, committed 10624K, reserved 264192K
  class space    used 1058K, capacity 1138K, committed 1152K, reserved 253952K
}
Event: 1.918 GC heap after
{Heap after GC invocations=1 (full 0):
 garbage-first heap   total 262144K, used 9752K [0x00000000e0000000, 0x0000000100000000)
  region size 1024K, 3 young (3072K), 3 survivors (3072K)
 Metaspace       used 10151K, capacity 10434K, committed 10624K, reserved 264192K
  class space    used 1058K, capacity 1138K, committed 1152K, reserved 253952K
}
Event: 6.072 GC heap before
{Heap before GC invocations=1 (full 0):
 garbage-first heap   total 262144K, used 107032K [0x00000000e0000000, 0x0000000100000000)
  region size 1024K, 99 young (101376K), 3 survivors (3072K)
 Metaspace       used 20625K, capacity 21087K, committed 21248K, reserved 272384K
  class space    used 2523K, capacity 2705K, committed 2816K, reserved 253952K
}
Event: 6.088 GC heap after
{Heap after GC invocations=2 (full 0):
 garbage-first heap   total 262144K, used 17051K [0x00000000e0000000, 0x0000000100000000)
  region size 1024K, 11 young (11264K), 11 survivors (11264K)
 Metaspace       used 20625K, capacity 21087K, committed 21248K, reserved 272384K
  class space    used 2523K, capacity 2705K, committed 2816K, reserved 253952K
}
Event: 7.041 GC heap before
{Heap before GC invocations=3 (full 0):
 garbage-first heap   total 262144K, used 52891K [0x00000000e0000000, 0x0000000100000000)
  region size 1024K, 46 young (47104K), 11 survivors (11264K)
 Metaspace       used 24092K, capacity 24709K, committed 24832K, reserved 276480K
  class space    used 3082K, capacity 3279K, committed 3328K, reserved 253952K
}
Event: 7.056 GC heap after
{Heap after GC invocations=4 (full 0):
 garbage-first heap   total 262144K, used 18985K [0x00000000e0000000, 0x0000000100000000)
  region size 1024K, 2 young (2048K), 2 survivors (2048K)
 Metaspace       used 24092K, capacity 24709K, committed 24832K, reserved 276480K
  class space    used 3082K, capacity 3279K, committed 3328K, reserved 253952K
}
Event: 11.499 GC heap before
{Heap before GC invocations=4 (full 0):
 garbage-first heap   total 262144K, used 108073K [0x00000000e0000000, 0x0000000100000000)
  region size 1024K, 84 young (86016K), 2 survivors (2048K)
 Metaspace       used 34801K, capacity 35693K, committed 35840K, reserved 286720K
  class space    used 4567K, capacity 4862K, committed 4864K, reserved 253952K
}
Event: 11.550 GC heap after
{Heap after GC invocations=5 (full 0):
 garbage-first heap   total 262144K, used 29754K [0x00000000e0000000, 0x0000000100000000)
  region size 1024K, 7 young (7168K), 7 survivors (7168K)
 Metaspace       used 34801K, capacity 35693K, committed 35840K, reserved 286720K
  class space    used 4567K, capacity 4862K, committed 4864K, reserved 253952K
}
Event: 15.731 GC heap before
{Heap before GC invocations=6 (full 0):
 garbage-first heap   total 262144K, used 157754K [0x00000000e0000000, 0x0000000100000000)
  region size 1024K, 121 young (123904K), 7 survivors (7168K)
 Metaspace       used 44789K, capacity 45949K, committed 46284K, reserved 294912K
  class space    used 5653K, capacity 6053K, committed 6144K, reserved 253952K
}
Event: 15.754 GC heap after
{Heap after GC invocations=7 (full 0):
 garbage-first heap   total 262144K, used 46827K [0x00000000e0000000, 0x0000000100000000)
  region size 1024K, 15 young (15360K), 15 survivors (15360K)
 Metaspace       used 44789K, capacity 45949K, committed 46284K, reserved 294912K
  class space    used 5653K, capacity 6053K, committed 6144K, reserved 253952K
}
Event: 20.471 GC heap before
{Heap before GC invocations=7 (full 0):
 garbage-first heap   total 262144K, used 199403K [0x00000000e0000000, 0x0000000100000000)
  region size 1024K, 151 young (154624K), 15 survivors (15360K)
 Metaspace       used 55285K, capacity 57003K, committed 57292K, reserved 305152K
  class space    used 7264K, capacity 7843K, committed 7936K, reserved 253952K
}
Event: 20.540 GC heap after
{Heap after GC invocations=8 (full 0):
 garbage-first heap   total 262144K, used 71191K [0x00000000e0000000, 0x0000000100000000)
  region size 1024K, 19 young (19456K), 19 survivors (19456K)
 Metaspace       used 55285K, capacity 57003K, committed 57292K, reserved 305152K
  class space    used 7264K, capacity 7843K, committed 7936K, reserved 253952K
}
Event: 21.599 GC heap before
{Heap before GC invocations=8 (full 0):
 garbage-first heap   total 262144K, used 135703K [0x00000000e0000000, 0x0000000100000000)
  region size 1024K, 83 young (84992K), 19 survivors (19456K)
 Metaspace       used 58278K, capacity 60034K, committed 60236K, reserved 307200K
  class space    used 7676K, capacity 8289K, committed 8320K, reserved 253952K
}
Event: 21.632 GC heap after
{Heap after GC invocations=9 (full 0):
 garbage-first heap   total 262144K, used 73839K [0x00000000e0000000, 0x0000000100000000)
  region size 1024K, 3 young (3072K), 3 survivors (3072K)
 Metaspace       used 58278K, capacity 60034K, committed 60236K, reserved 307200K
  class space    used 7676K, capacity 8289K, committed 8320K, reserved 253952K
}
Event: 125.230 GC heap before
{Heap before GC invocations=10 (full 0):
 garbage-first heap   total 262144K, used 184431K [0x00000000e0000000, 0x0000000100000000)
  region size 1024K, 111 young (113664K), 3 survivors (3072K)
 Metaspace       used 62360K, capacity 64281K, committed 64460K, reserved 311296K
  class space    used 8195K, capacity 8875K, committed 8960K, reserved 253952K
}
Event: 125.251 GC heap after
{Heap after GC invocations=11 (full 0):
 garbage-first heap   total 262144K, used 78144K [0x00000000e0000000, 0x0000000100000000)
  region size 1024K, 7 young (7168K), 7 survivors (7168K)
 Metaspace       used 62360K, capacity 64281K, committed 64460K, reserved 311296K
  class space    used 8195K, capacity 8875K, committed 8960K, reserved 253952K
}
Event: 680.690 GC heap before
{Heap before GC invocations=11 (full 0):
 garbage-first heap   total 262144K, used 190784K [0x00000000e0000000, 0x0000000100000000)
  region size 1024K, 118 young (120832K), 7 survivors (7168K)
 Metaspace       used 69250K, capacity 71642K, committed 71756K, reserved 317440K
  class space    used 9045K, capacity 9820K, committed 9856K, reserved 253952K
}
Event: 680.714 GC heap after
{Heap after GC invocations=12 (full 0):
 garbage-first heap   total 262144K, used 83556K [0x00000000e0000000, 0x0000000100000000)
  region size 1024K, 13 young (13312K), 13 survivors (13312K)
 Metaspace       used 69250K, capacity 71642K, committed 71756K, reserved 317440K
  class space    used 9045K, capacity 9820K, committed 9856K, reserved 253952K
}
Event: 688.762 GC heap before
{Heap before GC invocations=12 (full 0):
 garbage-first heap   total 262144K, used 195172K [0x00000000e0000000, 0x0000000100000000)
  region size 1024K, 123 young (125952K), 13 survivors (13312K)
 Metaspace       used 79945K, capacity 82841K, committed 82892K, reserved 325632K
  class space    used 10481K, capacity 11499K, committed 11520K, reserved 253952K
}

Deoptimization events (20 events):
Event: 688.463 Thread 0x00000000277eb000 DEOPT PACKING pc=0x000000000c028d71 sp=0x000000003498df00
Event: 688.463 Thread 0x00000000277eb000 DEOPT UNPACKING pc=0x000000000b04a95e sp=0x000000003498d3f8 mode 0
Event: 688.472 Thread 0x00000000277eb000 DEOPT PACKING pc=0x000000000c028d71 sp=0x000000003498df00
Event: 688.472 Thread 0x00000000277eb000 DEOPT UNPACKING pc=0x000000000b04a95e sp=0x000000003498d3f8 mode 0
Event: 688.602 Thread 0x00000000277eb000 Uncommon trap: trap_request=0xffffffde fr.pc=0x0000000012beba74 relative=0x0000000000000494
Event: 688.603 Thread 0x00000000277eb000 Uncommon trap: reason=class_check action=maybe_recompile pc=0x0000000012beba74 method=java.io.DataOutputStream.write(I)V @ 5 c2
Event: 688.603 Thread 0x00000000277eb000 DEOPT PACKING pc=0x0000000012beba74 sp=0x000000003498e180
Event: 688.603 Thread 0x00000000277eb000 DEOPT UNPACKING pc=0x000000000b04a1af sp=0x000000003498e168 mode 2
Event: 688.603 Thread 0x00000000277eb000 Uncommon trap: trap_request=0xffffffde fr.pc=0x0000000012beba74 relative=0x0000000000000494
Event: 688.603 Thread 0x00000000277eb000 Uncommon trap: reason=class_check action=maybe_recompile pc=0x0000000012beba74 method=java.io.DataOutputStream.write(I)V @ 5 c2
Event: 688.603 Thread 0x00000000277eb000 DEOPT PACKING pc=0x0000000012beba74 sp=0x000000003498e180
Event: 688.603 Thread 0x00000000277eb000 DEOPT UNPACKING pc=0x000000000b04a1af sp=0x000000003498e168 mode 2
Event: 688.603 Thread 0x00000000277eb000 Uncommon trap: trap_request=0xffffffde fr.pc=0x0000000012beba74 relative=0x0000000000000494
Event: 688.603 Thread 0x00000000277eb000 Uncommon trap: reason=class_check action=maybe_recompile pc=0x0000000012beba74 method=java.io.DataOutputStream.write(I)V @ 5 c2
Event: 688.603 Thread 0x00000000277eb000 DEOPT PACKING pc=0x0000000012beba74 sp=0x000000003498e180
Event: 688.603 Thread 0x00000000277eb000 DEOPT UNPACKING pc=0x000000000b04a1af sp=0x000000003498e168 mode 2
Event: 688.603 Thread 0x00000000277eb000 Uncommon trap: trap_request=0xffffffde fr.pc=0x0000000012beba74 relative=0x0000000000000494
Event: 688.603 Thread 0x00000000277eb000 Uncommon trap: reason=class_check action=maybe_recompile pc=0x0000000012beba74 method=java.io.DataOutputStream.write(I)V @ 5 c2
Event: 688.603 Thread 0x00000000277eb000 DEOPT PACKING pc=0x0000000012beba74 sp=0x000000003498e180
Event: 688.603 Thread 0x00000000277eb000 DEOPT UNPACKING pc=0x000000000b04a1af sp=0x000000003498e168 mode 2

Classes redefined (0 events):
No events

Internal exceptions (20 events):
Event: 687.242 Thread 0x000000002506b800 Exception <a 'java/lang/ClassNotFoundException'{0x00000000ea007878}: java/lang/BooleanCustomizer> (0x00000000ea007878) thrown at [./src/hotspot/share/classfile/systemDictionary.cpp, line 231]
Event: 688.260 Thread 0x000000002506b800 Exception <a 'java/lang/ClassNotFoundException'{0x00000000e9c090b0}: java/net/URIBeanInfo> (0x00000000e9c090b0) thrown at [./src/hotspot/share/classfile/systemDictionary.cpp, line 231]
Event: 688.260 Thread 0x000000002506b800 Exception <a 'java/lang/ClassNotFoundException'{0x00000000e9c0e600}: java/net/URICustomizer> (0x00000000e9c0e600) thrown at [./src/hotspot/share/classfile/systemDictionary.cpp, line 231]
Event: 688.269 Thread 0x000000002506b800 Exception <a 'java/lang/ClassNotFoundException'{0x00000000e9c6b130}: org/gradle/launcher/daemon/bootstrap/DaemonMainBeanInfo> (0x00000000e9c6b130) thrown at [./src/hotspot/share/classfile/systemDictionary.cpp, line 231]
Event: 688.271 Thread 0x000000002506b800 Exception <a 'java/lang/ClassNotFoundException'{0x00000000e9c8e9a0}: org/gradle/launcher/bootstrap/EntryPointBeanInfo> (0x00000000e9c8e9a0) thrown at [./src/hotspot/share/classfile/systemDictionary.cpp, line 231]
Event: 688.273 Thread 0x000000002506b800 Exception <a 'java/lang/ClassNotFoundException'{0x00000000e9cb3000}: org/gradle/launcher/bootstrap/EntryPointCustomizer> (0x00000000e9cb3000) thrown at [./src/hotspot/share/classfile/systemDictionary.cpp, line 231]
Event: 688.274 Thread 0x000000002506b800 Exception <a 'java/lang/ClassNotFoundException'{0x00000000e9cd9f50}: org/gradle/launcher/daemon/bootstrap/DaemonMainCustomizer> (0x00000000e9cd9f50) thrown at [./src/hotspot/share/classfile/systemDictionary.cpp, line 231]
Event: 688.280 Thread 0x000000002506b800 Exception <a 'java/lang/ClassNotFoundException'{0x00000000e9b09868}: org/gradle/internal/classloader/VisitableURLClassLoaderBeanInfo> (0x00000000e9b09868) thrown at [./src/hotspot/share/classfile/systemDictionary.cpp, line 231]
Event: 688.281 Thread 0x000000002506b800 Exception <a 'java/lang/ClassNotFoundException'{0x00000000e9b0dfd8}: org/gradle/internal/classloader/VisitableURLClassLoaderCustomizer> (0x00000000e9b0dfd8) thrown at [./src/hotspot/share/classfile/systemDictionary.cpp, line 231]
Event: 688.377 Thread 0x000000002506b800 Exception <a 'java/lang/ClassNotFoundException'{0x00000000e977d4a0}: org/gradle/api/internal/tasks/testing/DecoratingTestDescriptorBeanInfo> (0x00000000e977d4a0) thrown at [./src/hotspot/share/classfile/systemDictionary.cpp, line 231]
Event: 688.378 Thread 0x000000002506b800 Exception <a 'java/lang/ClassNotFoundException'{0x00000000e97b39b0}: org/gradle/api/internal/tasks/testing/DecoratingTestDescriptorCustomizer> (0x00000000e97b39b0) thrown at [./src/hotspot/share/classfile/systemDictionary.cpp, line 231]
Event: 688.613 Thread 0x00000000277eb000 Exception <a 'java/lang/NoSuchMethodError'{0x00000000e923ec20}: <clinit>> (0x00000000e923ec20) thrown at [./src/hotspot/share/prims/jni.cpp, line 1365]
Event: 688.621 Thread 0x00000000277eb000 Exception <a 'java/lang/NoSuchMethodError'{0x00000000e9251ad8}: <clinit>> (0x00000000e9251ad8) thrown at [./src/hotspot/share/prims/jni.cpp, line 1365]
Event: 688.622 Thread 0x00000000277eb000 Exception <a 'java/lang/NoSuchMethodError'{0x00000000e9253bd0}: <clinit>> (0x00000000e9253bd0) thrown at [./src/hotspot/share/prims/jni.cpp, line 1365]
Event: 688.727 Thread 0x00000000277ec800 Exception <a 'java/lang/NoSuchMethodError'{0x00000000e92b5e50}: 'void java.lang.invoke.DirectMethodHandle$Holder.invokeStatic(java.lang.Object, long)'> (0x00000000e92b5e50) thrown at [./src/hotspot/share/interpreter/linkResolver.cpp, line 773]
Event: 688.729 Thread 0x00000000277ec800 Exception <a 'java/lang/NoSuchMethodError'{0x00000000e92bb068}: 'java.lang.Object java.lang.invoke.DirectMethodHandle$Holder.invokeStatic(java.lang.Object, long)'> (0x00000000e92bb068) thrown at [./src/hotspot/share/interpreter/linkResolver.cpp, line 773]
Event: 688.732 Thread 0x00000000277ec800 Exception <a 'java/lang/NoSuchMethodError'{0x00000000e92c1140}: 'java.lang.Object java.lang.invoke.Invokers$Holder.linkToTargetMethod(long, java.lang.Object)'> (0x00000000e92c1140) thrown at [./src/hotspot/share/interpreter/linkResolver.cpp, line 773]
Event: 688.739 Thread 0x00000000277ec800 Exception <a 'java/lang/NoSuchMethodError'{0x00000000e92c96d8}: 'java.lang.Object java.lang.invoke.DirectMethodHandle$Holder.invokeStaticInit(java.lang.Object, java.lang.Object, long, java.lang.Object)'> (0x00000000e92c96d8) thrown at [./src/hotspot/share/interpreter/linkResolver.cpp, line 773]
Event: 688.742 Thread 0x00000000277ec800 Exception <a 'java/lang/NoSuchMethodError'{0x00000000e92cf5c8}: 'java.lang.Object java.lang.invoke.DirectMethodHandle$Holder.invokeStatic(java.lang.Object, java.lang.Object, long)'> (0x00000000e92cf5c8) thrown at [./src/hotspot/share/interpreter/linkResolver.cpp, line 773]
Event: 688.746 Thread 0x00000000277ec800 Exception <a 'java/lang/NoSuchMethodError'{0x00000000e92d5898}: 'java.lang.Object java.lang.invoke.Invokers$Holder.linkToTargetMethod(java.lang.Object, long, java.lang.Object)'> (0x00000000e92d5898) thrown at [./src/hotspot/share/interpreter/linkResolver.cpp, line 773]

Events (20 events):
Event: 688.690 loading class java/lang/ProcessImpl
Event: 688.692 loading class java/lang/ProcessImpl done
Event: 688.733 loading class java/lang/ProcessHandleImpl
Event: 688.734 loading class java/lang/ProcessHandleImpl done
Event: 688.747 loading class java/lang/ProcessImpl$2
Event: 688.748 loading class java/lang/ProcessImpl$2 done
Event: 688.748 loading class java/lang/Process$PipeInputStream
Event: 688.749 loading class java/lang/Process$PipeInputStream done
Event: 688.749 Executing VM operation: Deoptimize
Event: 688.752 Executing VM operation: Deoptimize done
Event: 688.754 loading class org/gradle/util/internal/DisconnectableInputStream$ThreadExecuter
Event: 688.754 loading class org/gradle/util/internal/DisconnectableInputStream$ThreadExecuter done
Event: 688.756 loading class org/gradle/util/internal/DisconnectableInputStream$1
Event: 688.756 loading class org/gradle/util/internal/DisconnectableInputStream$1 done
Event: 688.760 Thread 0x00000000277ed800 Thread added: 0x00000000277ed800
Event: 688.761 loading class org/gradle/process/internal/streams/ExecOutputHandleRunner
Event: 688.761 loading class org/gradle/process/internal/streams/ExecOutputHandleRunner done
Event: 688.761 Executing VM operation: G1CollectForAllocation
Event: 688.762 Executing VM operation: G1CollectForAllocation done
Event: 688.762 Executing VM operation: G1CollectForAllocation


Dynamic libraries:
0x000000013ff00000 - 0x000000013ff0d000 	C:\Program Files\Eclipse Foundation\jdk-11.0.12.7-hotspot\bin\java.exe
0x0000000077c10000 - 0x0000000077db9000 	C:\Windows\SYSTEM32\ntdll.dll
0x000007fec24b0000 - 0x000007fec24c3000 	C:\Program Files\AVG\Antivirus\aswhook.dll
0x00000000779f0000 - 0x0000000077b0f000 	C:\Windows\system32\kernel32.dll
0x000007fefdb20000 - 0x000007fefdb8b000 	C:\Windows\system32\KERNELBASE.dll
0x000007fec6c60000 - 0x000007fec6c77000 	C:\Program Files\Eclipse Foundation\jdk-11.0.12.7-hotspot\bin\jli.dll
0x000007fefc110000 - 0x000007fefc304000 	C:\Windows\WinSxS\amd64_microsoft.windows.common-controls_6595b64144ccf1df_6.0.7601.17514_none_fa396087175ac9ac\COMCTL32.dll
0x000007feffbf0000 - 0x000007feffc8f000 	C:\Windows\system32\msvcrt.dll
0x000007fefdd80000 - 0x000007fefdde7000 	C:\Windows\system32\GDI32.dll
0x0000000077b10000 - 0x0000000077c0a000 	C:\Windows\system32\USER32.dll
0x000007feffc90000 - 0x000007feffc9e000 	C:\Windows\system32\LPK.dll
0x000007fefefa0000 - 0x000007feff069000 	C:\Windows\system32\USP10.dll
0x000007fefdf00000 - 0x000007fefdf71000 	C:\Windows\system32\SHLWAPI.dll
0x000007fec5ee0000 - 0x000007fec5ef5000 	C:\Program Files\Eclipse Foundation\jdk-11.0.12.7-hotspot\bin\VCRUNTIME140.dll
0x000007fec7c40000 - 0x000007fec7c44000 	C:\Program Files\Eclipse Foundation\jdk-11.0.12.7-hotspot\bin\api-ms-win-crt-runtime-l1-1-0.dll
0x000007fec1d30000 - 0x000007fec1e2a000 	C:\Program Files\Eclipse Foundation\jdk-11.0.12.7-hotspot\bin\ucrtbase.DLL
0x000007fec6b60000 - 0x000007fec6b63000 	C:\Program Files\Eclipse Foundation\jdk-11.0.12.7-hotspot\bin\api-ms-win-core-localization-l1-2-0.dll
0x000007fec6710000 - 0x000007fec6713000 	C:\Program Files\Eclipse Foundation\jdk-11.0.12.7-hotspot\bin\api-ms-win-core-processthreads-l1-1-1.dll
0x000007fec5ed0000 - 0x000007fec5ed3000 	C:\Program Files\Eclipse Foundation\jdk-11.0.12.7-hotspot\bin\api-ms-win-core-file-l1-2-0.dll
0x000007fec5ec0000 - 0x000007fec5ec3000 	C:\Program Files\Eclipse Foundation\jdk-11.0.12.7-hotspot\bin\api-ms-win-core-timezone-l1-1-0.dll
0x000007fec5eb0000 - 0x000007fec5eb3000 	C:\Program Files\Eclipse Foundation\jdk-11.0.12.7-hotspot\bin\api-ms-win-core-file-l2-1-0.dll
0x000007fec5ea0000 - 0x000007fec5ea3000 	C:\Program Files\Eclipse Foundation\jdk-11.0.12.7-hotspot\bin\api-ms-win-core-synch-l1-2-0.dll
0x000007fec5e90000 - 0x000007fec5e93000 	C:\Program Files\Eclipse Foundation\jdk-11.0.12.7-hotspot\bin\api-ms-win-crt-heap-l1-1-0.dll
0x000007fec5e80000 - 0x000007fec5e84000 	C:\Program Files\Eclipse Foundation\jdk-11.0.12.7-hotspot\bin\api-ms-win-crt-string-l1-1-0.dll
0x000007fec5e70000 - 0x000007fec5e74000 	C:\Program Files\Eclipse Foundation\jdk-11.0.12.7-hotspot\bin\api-ms-win-crt-stdio-l1-1-0.dll
0x000007fec5e60000 - 0x000007fec5e64000 	C:\Program Files\Eclipse Foundation\jdk-11.0.12.7-hotspot\bin\api-ms-win-crt-convert-l1-1-0.dll
0x000007fec5e50000 - 0x000007fec5e53000 	C:\Program Files\Eclipse Foundation\jdk-11.0.12.7-hotspot\bin\api-ms-win-crt-environment-l1-1-0.dll
0x000007fec5e40000 - 0x000007fec5e43000 	C:\Program Files\Eclipse Foundation\jdk-11.0.12.7-hotspot\bin\api-ms-win-crt-filesystem-l1-1-0.dll
0x000007fec5e30000 - 0x000007fec5e35000 	C:\Program Files\Eclipse Foundation\jdk-11.0.12.7-hotspot\bin\api-ms-win-crt-math-l1-1-0.dll
0x000007fec5e20000 - 0x000007fec5e23000 	C:\Program Files\Eclipse Foundation\jdk-11.0.12.7-hotspot\bin\api-ms-win-crt-locale-l1-1-0.dll
0x000007fefef70000 - 0x000007fefef9e000 	C:\Windows\system32\IMM32.DLL
0x000007feff070000 - 0x000007feff179000 	C:\Windows\system32\MSCTF.dll
0x000007fec4ac0000 - 0x000007fec4b5b000 	C:\Program Files\Eclipse Foundation\jdk-11.0.12.7-hotspot\bin\msvcp140.dll
0x000007fec5e10000 - 0x000007fec5e13000 	C:\Program Files\Eclipse Foundation\jdk-11.0.12.7-hotspot\bin\api-ms-win-crt-time-l1-1-0.dll
0x000007fec5ab0000 - 0x000007fec5ab3000 	C:\Program Files\Eclipse Foundation\jdk-11.0.12.7-hotspot\bin\api-ms-win-crt-utility-l1-1-0.dll
0x000007fea9f20000 - 0x000007feaaa79000 	C:\Program Files\Eclipse Foundation\jdk-11.0.12.7-hotspot\bin\server\jvm.dll
0x000007feffca0000 - 0x000007feffd7b000 	C:\Windows\system32\ADVAPI32.dll
0x000007feffd80000 - 0x000007feffd9f000 	C:\Windows\SYSTEM32\sechost.dll
0x000007feff610000 - 0x000007feff73d000 	C:\Windows\system32\RPCRT4.dll
0x000007fefadc0000 - 0x000007fefadc9000 	C:\Windows\system32\WSOCK32.dll
0x000007feff430000 - 0x000007feff47d000 	C:\Windows\system32\WS2_32.dll
0x000007fefde90000 - 0x000007fefde98000 	C:\Windows\system32\NSI.dll
0x000007fef97d0000 - 0x000007fef980b000 	C:\Windows\system32\WINMM.dll
0x000007fefc950000 - 0x000007fefc95c000 	C:\Windows\system32\VERSION.dll
0x0000000077de0000 - 0x0000000077de7000 	C:\Windows\system32\PSAPI.DLL
0x000007fec5aa0000 - 0x000007fec5ab0000 	C:\Program Files\Eclipse Foundation\jdk-11.0.12.7-hotspot\bin\verify.dll
0x000007fef9040000 - 0x000007fef9165000 	C:\Windows\system32\DBGHELP.DLL
0x000007fec5a70000 - 0x000007fec5a98000 	C:\Program Files\Eclipse Foundation\jdk-11.0.12.7-hotspot\bin\java.dll
0x000007fec5a60000 - 0x000007fec5a6a000 	C:\Program Files\Eclipse Foundation\jdk-11.0.12.7-hotspot\bin\jimage.dll
0x000007fec5a40000 - 0x000007fec5a57000 	C:\Program Files\Eclipse Foundation\jdk-11.0.12.7-hotspot\bin\zip.dll
0x000007fefdf80000 - 0x000007fefed08000 	C:\Windows\system32\SHELL32.dll
0x000007feff220000 - 0x000007feff423000 	C:\Windows\system32\ole32.dll
0x000007fefd9c0000 - 0x000007fefd9cf000 	C:\Windows\system32\profapi.dll
0x000007fec5a10000 - 0x000007fec5a29000 	C:\Program Files\Eclipse Foundation\jdk-11.0.12.7-hotspot\bin\net.dll
0x000007fef9b20000 - 0x000007fef9b91000 	C:\Windows\system32\WINHTTP.dll
0x000007fef9ab0000 - 0x000007fef9b14000 	C:\Windows\system32\webio.dll
0x000007fefd1a0000 - 0x000007fefd1f5000 	C:\Windows\system32\mswsock.dll
0x000007fefd190000 - 0x000007fefd197000 	C:\Windows\System32\wship6.dll
0x000007fec3e00000 - 0x000007fec3e12000 	C:\Program Files\Eclipse Foundation\jdk-11.0.12.7-hotspot\bin\nio.dll
0x000007fef3a00000 - 0x000007fef3a27000 	C:\Users\user\.gradle\native\8bec1ad78214c89d9ad589b4d07fe93259594b29d510b10fafb7a158f7737e5d\windows-amd64\native-platform.dll
0x000007fef38c0000 - 0x000007fef39fd000 	C:\Users\user\.gradle\native\53dbd7edfb1c66fb8903c78663c9afc45aea4f116125fa6feffd364cf09443e8\windows-amd64\native-platform-file-events.dll
0x000007fefbe50000 - 0x000007fefbe59000 	C:\Program Files\Eclipse Foundation\jdk-11.0.12.7-hotspot\bin\management.dll
0x000007fef8f40000 - 0x000007fef8f4b000 	C:\Program Files\Eclipse Foundation\jdk-11.0.12.7-hotspot\bin\management_ext.dll
0x000007fefd200000 - 0x000007fefd217000 	C:\Windows\system32\CRYPTSP.dll
0x000007fefcf00000 - 0x000007fefcf47000 	C:\Windows\system32\rsaenh.dll
0x000007fefdb90000 - 0x000007fefdbae000 	C:\Windows\system32\USERENV.dll
0x000007fefd860000 - 0x000007fefd86f000 	C:\Windows\system32\CRYPTBASE.dll
0x000007fefb1a0000 - 0x000007fefb1c7000 	C:\Windows\system32\IPHLPAPI.DLL
0x000007fefb170000 - 0x000007fefb17b000 	C:\Windows\system32\WINNSI.DLL
0x000007fefaf40000 - 0x000007fefaf51000 	C:\Windows\system32\dhcpcsvc6.DLL
0x000007fefaef0000 - 0x000007fefaf08000 	C:\Windows\system32\dhcpcsvc.DLL
0x000007fefd800000 - 0x000007fefd857000 	C:\Windows\system32\apphelp.dll

dbghelp: loaded successfully - version: 4.0.5 - missing functions: none
symbol engine: initialized successfully - sym options: 0x614 - pdb path: .;C:\Program Files\Eclipse Foundation\jdk-11.0.12.7-hotspot\bin;C:\Windows\SYSTEM32;C:\Program Files\AVG\Antivirus;C:\Windows\WinSxS\amd64_microsoft.windows.common-controls_6595b64144ccf1df_6.0.7601.17514_none_fa396087175ac9ac;C:\Program Files\Eclipse Foundation\jdk-11.0.12.7-hotspot\bin\server;C:\Users\user\.gradle\native\8bec1ad78214c89d9ad589b4d07fe93259594b29d510b10fafb7a158f7737e5d\windows-amd64;C:\Users\user\.gradle\native\53dbd7edfb1c66fb8903c78663c9afc45aea4f116125fa6feffd364cf09443e8\windows-amd64

VM Arguments:
jvm_args: -XX:MaxMetaspaceSize=256m -XX:+HeapDumpOnOutOfMemoryError --add-opens=java.base/java.util=ALL-UNNAMED --add-opens=java.base/java.lang=ALL-UNNAMED --add-opens=java.base/java.lang.invoke=ALL-UNNAMED --add-opens=java.base/java.util=ALL-UNNAMED --add-opens=java.prefs/java.util.prefs=ALL-UNNAMED --add-opens=java.prefs/java.util.prefs=ALL-UNNAMED --add-opens=java.base/java.nio.charset=ALL-UNNAMED --add-opens=java.base/java.net=ALL-UNNAMED --add-opens=java.base/java.util.concurrent.atomic=ALL-UNNAMED -Xms256m -Xmx512m -Dfile.encoding=windows-1251 -Duser.country=RU -Duser.language=ru -Duser.variant 
java_command: org.gradle.launcher.daemon.bootstrap.GradleDaemon 7.1
java_class_path (initial): C:\Users\user\.gradle\wrapper\dists\gradle-7.1-bin\4pslxx9lrxt5svtz5wbnb6tkz\gradle-7.1\lib\gradle-launcher-7.1.jar
Launcher Type: SUN_STANDARD

[Global flags]
     intx CICompilerCount                          = 4                                         {product} {ergonomic}
   size_t CompressedClassSpaceSize                 = 260046848                                 {product} {ergonomic}
     uint ConcGCThreads                            = 2                                         {product} {ergonomic}
     uint G1ConcRefinementThreads                  = 8                                         {product} {ergonomic}
   size_t G1HeapRegionSize                         = 1048576                                   {product} {ergonomic}
    uintx GCDrainStackTargetSize                   = 64                                        {product} {ergonomic}
     bool HeapDumpOnOutOfMemoryError               = true                                   {manageable} {command line}
   size_t InitialHeapSize                          = 268435456                                 {product} {command line}
   size_t MarkStackSize                            = 4194304                                   {product} {ergonomic}
   size_t MaxHeapSize                              = 536870912                                 {product} {command line}
   size_t MaxMetaspaceSize                         = 268435456                                 {product} {command line}
   size_t MaxNewSize                               = 321912832                                 {product} {ergonomic}
   size_t MinHeapDeltaBytes                        = 1048576                                   {product} {ergonomic}
    uintx NonNMethodCodeHeapSize                   = 5836300                                {pd product} {ergonomic}
    uintx NonProfiledCodeHeapSize                  = 122910970                              {pd product} {ergonomic}
    uintx ProfiledCodeHeapSize                     = 122910970                              {pd product} {ergonomic}
    uintx ReservedCodeCacheSize                    = 251658240                              {pd product} {ergonomic}
     bool SegmentedCodeCache                       = true                                      {product} {ergonomic}
     bool UseCompressedClassPointers               = true                                 {lp64_product} {ergonomic}
     bool UseCompressedOops                        = true                                 {lp64_product} {ergonomic}
     bool UseG1GC                                  = true                                      {product} {ergonomic}
     bool UseLargePagesIndividualAllocation        = false                                  {pd product} {ergonomic}

Logging:
Log output configuration:
 #0: stdout all=warning uptime,level,tags
 #1: stderr all=off uptime,level,tags

Environment Variables:
PATH=C:\Program Files\Eclipse Foundation\jdk-11.0.12.7-hotspot\bin;C:\Program Files (x86)\Intel\iCLS Client\;C:\Program Files\Intel\iCLS Client\;C:\Windows\system32;C:\Windows;C:\Windows\System32\Wbem;C:\Windows\System32\WindowsPowerShell\v1.0\;C:\Program Files\Intel\Intel(R) Management Engine Components\DAL;C:\Program Files\Intel\Intel(R) Management Engine Components\IPT;C:\Program Files (x86)\Intel\Intel(R) Management Engine Components\DAL;C:\Program Files (x86)\Intel\Intel(R) Management Engine Components\IPT;C:\Program Files (x86)\NVIDIA Corporation\PhysX\Common;C:\Program Files (x86)\QuickTime\QTSystem\;C:\Program Files\Git\cmd;C:\chromedriver
USERNAME=user
OS=Windows_NT
PROCESSOR_IDENTIFIER=Intel64 Family 6 Model 58 Stepping 9, GenuineIntel



---------------  S Y S T E M  ---------------

OS: Windows 7 , 64 bit Build 7601 (6.1.7601.18015)
OS uptime: 0 days 12:32 hours

CPU:total 8 (initial active 8) (4 cores per cpu, 2 threads per core) family 6 model 58 stepping 9 microcode 0x0, cmov, cx8, fxsr, mmx, sse, sse2, sse3, ssse3, sse4.1, sse4.2, popcnt, avx, aes, clmul, erms, ht, tsc, tscinvbit, tscinv

Memory: 4k page, system-wide physical 16329M (5780M free)
TotalPageFile size 32657M (AvailPageFile size 18443M)
current process WorkingSet (physical memory assigned to process): 499M, peak: 499M
current process commit charge ("private bytes"): 552M, peak: 556M

vm_info: OpenJDK 64-Bit Server VM (11.0.12+7) for windows-amd64 JRE (11.0.12+7), built on Jul 21 2021 16:23:49 by "" with unknown MS VC++:1916

END.
